<?xml version="1.0" encoding="utf-8"?>
<TestRun id="ae4b1a0d-d961-4733-94f2-38709a082016" name="User@ASUS 2026-05-18 23:04:52" runUser="Asus\User" xmlns="http://microsoft.com/schemas/VisualStudio/TeamTest/2010">
  <Times creation="2026-05-18T23:04:52.9716930+03:00" queuing="2026-05-18T23:04:52.9716937+03:00" start="2026-05-18T23:04:49.1813136+03:00" finish="2026-05-18T23:05:06.5887099+03:00" />
  <TestSettings name="default" id="b5b46ffe-01d6-49c4-b44f-cee88f1d8783">
    <Deployment runDeploymentRoot="User_ASUS_2026-05-18_23_04_52" />
  </TestSettings>
  <Results>
    <UnitTestResult executionId="63855c82-907f-40e4-99c6-8924544af49f" testId="1591ecf0-66d5-413a-ed23-c8a2ebf63ec4" testName="POS.Tests.ApiIntegrationTests.Login_and_catalog_endpoints_return_seeded_data" computerName="ASUS" duration="00:00:01.4412251" startTime="2026-05-18T23:05:06.1779382+03:00" endTime="2026-05-18T23:05:06.1779390+03:00" testType="13cdc9d9-ddb5-4fa4-a97d-d965ccfc6d4b" outcome="Passed" testListId="8c84fa94-04c1-424b-9868-57a2d4851a1d" relativeResultsDirectory="63855c82-907f-40e4-99c6-8924544af49f" />
    <UnitTestResult executionId="03b13ec5-5546-4df7-b530-d8649731009b" testId="b821df00-112c-df99-f89b-86fee22c4368" testName="POS.Tests.SettingsServiceTests.Search_products_uses_configured_low_stock_threshold" computerName="ASUS" duration="00:00:06.3814003" startTime="2026-05-18T23:04:58.2955528+03:00" endTime="2026-05-18T23:04:58.2955532+03:00" testType="13cdc9d9-ddb5-4fa4-a97d-d965ccfc6d4b" outcome="Passed" testListId="8c84fa94-04c1-424b-9868-57a2d4851a1d" relativeResultsDirectory="03b13ec5-5546-4df7-b530-d8649731009b" />
    <UnitTestResult executionId="69960aa6-09eb-462a-91c5-f944f57f9bf4" testId="6c59921a-70d3-7570-64ad-d2dff5146048" testName="POS.Tests.CurrencyConversionTests.ToBase_zero_base_rate_throws" computerName="ASUS" duration="00:00:00.0181821" startTime="2026-05-18T23:04:51.9521576+03:00" endTime="2026-05-18T23:04:51.9521587+03:00" testType="13cdc9d9-ddb5-4fa4-a97d-d965ccfc6d4b" outcome="Passed" testListId="8c84fa94-04c1-424b-9868-57a2d4851a1d" relativeResultsDirectory="69960aa6-09eb-462a-91c5-f944f57f9bf4" />
    <UnitTestResult executionId="2edde4e2-c0c2-4ada-a1c7-85b1eb13e415" testId="89177fa3-a6d3-201f-8bdc-49d838b6d227" testName="POS.Tests.SaleServiceSettingsTests.Negative_stock_policy_allows_oversell_and_uses_default_tax" computerName="ASUS" duration="00:00:00.4169883" startTime="2026-05-18T23:04:58.9979045+03:00" endTime="2026-05-18T23:04:58.9979053+03:00" testType="13cdc9d9-ddb5-4fa4-a97d-d965ccfc6d4b" outcome="Passed" testListId="8c84fa94-04c1-424b-9868-57a2d4851a1d" relativeResultsDirectory="2edde4e2-c0c2-4ada-a1c7-85b1eb13e415" />
    <UnitTestResult executionId="813db11d-91ba-40f2-8e40-9c5d5ad20dde" testId="652c050b-d14c-c4b8-7605-fbfc86c2e75e" testName="POS.Tests.AuditLogTests.Product_update_writes_product_and_manual_stock_audits" computerName="ASUS" duration="00:00:06.3570466" startTime="2026-05-18T23:04:58.3039518+03:00" endTime="2026-05-18T23:04:58.3039528+03:00" testType="13cdc9d9-ddb5-4fa4-a97d-d965ccfc6d4b" outcome="Passed" testListId="8c84fa94-04c1-424b-9868-57a2d4851a1d" relativeResultsDirectory="813db11d-91ba-40f2-8e40-9c5d5ad20dde" />
    <UnitTestResult executionId="22bb6758-a6f1-451d-9160-459e670a7ec4" testId="1f34e7a7-5750-e733-ef19-438e12e21a26" testName="POS.Tests.LineTotalTests.Line_total_handles_midpoint_decimal" computerName="ASUS" duration="00:00:00.0185992" startTime="2026-05-18T23:04:51.9541656+03:00" endTime="2026-05-18T23:04:51.9541657+03:00" testType="13cdc9d9-ddb5-4fa4-a97d-d965ccfc6d4b" outcome="Passed" testListId="8c84fa94-04c1-424b-9868-57a2d4851a1d" relativeResultsDirectory="22bb6758-a6f1-451d-9160-459e670a7ec4" />
    <UnitTestResult executionId="f3a01830-6d11-4f61-ba9d-f64b097c6255" testId="e7cd6e02-6031-1f3f-466f-32a7997cdadc" testName="POS.Tests.CurrencyConversionTests.ToBase_converts_using_rate_ratio" computerName="ASUS" duration="00:00:00.0007731" startTime="2026-05-18T23:04:52.0922963+03:00" endTime="2026-05-18T23:04:52.0922963+03:00" testType="13cdc9d9-ddb5-4fa4-a97d-d965ccfc6d4b" outcome="Passed" testListId="8c84fa94-04c1-424b-9868-57a2d4851a1d" relativeResultsDirectory="f3a01830-6d11-4f61-ba9d-f64b097c6255" />
    <UnitTestResult executionId="9323c336-2e8d-49bb-bbba-567e91a5ce74" testId="c066c2df-147c-a15a-a61f-ea4ea453263b" testName="POS.Tests.ApiIntegrationTests.Cash_sale_flow_returns_updated_snapshots_and_receipt" computerName="ASUS" duration="00:00:01.5541050" startTime="2026-05-18T23:05:04.7361283+03:00" endTime="2026-05-18T23:05:04.7361287+03:00" testType="13cdc9d9-ddb5-4fa4-a97d-d965ccfc6d4b" outcome="Passed" testListId="8c84fa94-04c1-424b-9868-57a2d4851a1d" relativeResultsDirectory="9323c336-2e8d-49bb-bbba-567e91a5ce74" />
    <UnitTestResult executionId="a3ec3857-ed5c-4d0d-affd-e45407c38740" testId="ae94d76e-57d7-9ebf-e9f3-15d5b87775f5" testName="POS.Tests.SyncMetadataTests.New_sale_assigns_device_and_initial_sync_metadata" computerName="ASUS" duration="00:00:00.2428892" startTime="2026-05-18T23:04:58.9631283+03:00" endTime="2026-05-18T23:04:58.9631290+03:00" testType="13cdc9d9-ddb5-4fa4-a97d-d965ccfc6d4b" outcome="Passed" testListId="8c84fa94-04c1-424b-9868-57a2d4851a1d" relativeResultsDirectory="a3ec3857-ed5c-4d0d-affd-e45407c38740" />
    <UnitTestResult executionId="83c56e3f-dd04-4bdf-99e8-e86939e53643" testId="8d315db6-2a0e-4c64-fe64-6d9dab174c37" testName="POS.Tests.LineTotalTests.Line_total_rounds_away_from_zero" computerName="ASUS" duration="00:00:00.0002811" startTime="2026-05-18T23:04:52.0915710+03:00" endTime="2026-05-18T23:04:52.0915711+03:00" testType="13cdc9d9-ddb5-4fa4-a97d-d965ccfc6d4b" outcome="Passed" testListId="8c84fa94-04c1-424b-9868-57a2d4851a1d" relativeResultsDirectory="83c56e3f-dd04-4bdf-99e8-e86939e53643" />
    <UnitTestResult executionId="a97805c9-d3f8-47b8-bfb8-9c0a1536f7c5" testId="20263a67-98bf-c1c1-3ab6-3ec180636e5c" testName="POS.Tests.AuditLogTests.Refund_writes_invoice_refunded_audit_row" computerName="ASUS" duration="00:00:00.7433513" startTime="2026-05-18T23:04:59.0474818+03:00" endTime="2026-05-18T23:04:59.0474820+03:00" testType="13cdc9d9-ddb5-4fa4-a97d-d965ccfc6d4b" outcome="Passed" testListId="8c84fa94-04c1-424b-9868-57a2d4851a1d" relativeResultsDirectory="a97805c9-d3f8-47b8-bfb8-9c0a1536f7c5" />
    <UnitTestResult executionId="c267afeb-efa1-4073-9f98-6644a39f0990" testId="daadd110-ba0d-c21e-bd3c-a936ce19c5d5" testName="POS.Tests.ApiIntegrationTests.Lifecycle_endpoints_transition_invoice_status_and_allow_refund_after_payment" computerName="ASUS" duration="00:00:09.3280320" startTime="2026-05-18T23:05:01.2471160+03:00" endTime="2026-05-18T23:05:01.2471171+03:00" testType="13cdc9d9-ddb5-4fa4-a97d-d965ccfc6d4b" outcome="Passed" testListId="8c84fa94-04c1-424b-9868-57a2d4851a1d" relativeResultsDirectory="c267afeb-efa1-4073-9f98-6644a39f0990" />
    <UnitTestResult executionId="5befc5f9-261e-4730-9555-883e7f779044" testId="92deb2b5-8a60-64f9-32a1-d5189eb1991a" testName="POS.Tests.InvoiceSyncServiceTests.Push_unsynced_invoices_marks_local_invoice_synced_when_server_accepts" computerName="ASUS" duration="00:00:07.2016558" startTime="2026-05-18T23:04:59.1158177+03:00" endTime="2026-05-18T23:04:59.1158183+03:00" testType="13cdc9d9-ddb5-4fa4-a97d-d965ccfc6d4b" outcome="Passed" testListId="8c84fa94-04c1-424b-9868-57a2d4851a1d" relativeResultsDirectory="5befc5f9-261e-4730-9555-883e7f779044" />
    <UnitTestResult executionId="db7618df-4c03-4ce7-bbd7-a03a27ead493" testId="80860392-46c6-8311-6952-cb692ad00414" testName="POS.Tests.SettingsServiceTests.Settings_round_trip_persists_and_loads" computerName="ASUS" duration="00:00:00.3007347" startTime="2026-05-18T23:04:58.5964154+03:00" endTime="2026-05-18T23:04:58.5964156+03:00" testType="13cdc9d9-ddb5-4fa4-a97d-d965ccfc6d4b" outcome="Passed" testListId="8c84fa94-04c1-424b-9868-57a2d4851a1d" relativeResultsDirectory="db7618df-4c03-4ce7-bbd7-a03a27ead493" />
    <UnitTestResult executionId="debb3a0d-434b-40cf-9536-8ab4b239b6d6" testId="986bd36d-0e1d-f0d2-3e67-0ef978eb3cdb" testName="POS.Tests.SaleServiceSettingsTests.Negative_stock_policy_blocks_when_disabled" computerName="ASUS" duration="00:00:06.6655780" startTime="2026-05-18T23:04:58.5798312+03:00" endTime="2026-05-18T23:04:58.5798317+03:00" testType="13cdc9d9-ddb5-4fa4-a97d-d965ccfc6d4b" outcome="Passed" testListId="8c84fa94-04c1-424b-9868-57a2d4851a1d" relativeResultsDirectory="debb3a0d-434b-40cf-9536-8ab4b239b6d6" />
    <UnitTestResult executionId="b0402160-aa2e-4386-9f52-dbec2b236250" testId="a0e26765-302c-ee09-992f-a7ef7407a4f8" testName="POS.Tests.AuditLogTests.Currency_policy_update_writes_audit_row" computerName="ASUS" duration="00:00:00.2507132" startTime="2026-05-18T23:04:59.2985214+03:00" endTime="2026-05-18T23:04:59.2985218+03:00" testType="13cdc9d9-ddb5-4fa4-a97d-d965ccfc6d4b" outcome="Passed" testListId="8c84fa94-04c1-424b-9868-57a2d4851a1d" relativeResultsDirectory="b0402160-aa2e-4386-9f52-dbec2b236250" />
    <UnitTestResult executionId="50bee476-f104-421c-a483-509222eaa0d6" testId="1cc5788a-0742-e1df-8236-2dadfebbb8ba" testName="POS.Tests.StoreTests.Store_defaults_Id_is_empty_guid" computerName="ASUS" duration="00:00:00.0156514" startTime="2026-05-18T23:04:52.0926780+03:00" endTime="2026-05-18T23:04:52.0926781+03:00" testType="13cdc9d9-ddb5-4fa4-a97d-d965ccfc6d4b" outcome="Passed" testListId="8c84fa94-04c1-424b-9868-57a2d4851a1d" relativeResultsDirectory="50bee476-f104-421c-a483-509222eaa0d6" />
    <UnitTestResult executionId="796c1348-2ddb-46d3-8322-f5dfa6ddbe21" testId="7542509e-5afb-609e-e0ed-c9580a7d671b" testName="POS.Tests.SyncMetadataTests.Invoice_mutations_increment_sync_version" computerName="ASUS" duration="00:00:06.8052251" startTime="2026-05-18T23:04:58.7193891+03:00" endTime="2026-05-18T23:04:58.7193912+03:00" testType="13cdc9d9-ddb5-4fa4-a97d-d965ccfc6d4b" outcome="Passed" testListId="8c84fa94-04c1-424b-9868-57a2d4851a1d" relativeResultsDirectory="796c1348-2ddb-46d3-8322-f5dfa6ddbe21" />
    <UnitTestResult executionId="427155a7-c8af-4bf2-af20-4121c8db1f6c" testId="3bab6a12-176a-4b40-df1c-1344d20e4493" testName="POS.Tests.ApiIntegrationTests.Sync_endpoint_applies_invoice_snapshot_and_reports_conflict_for_stale_version" computerName="ASUS" duration="00:00:01.9288272" startTime="2026-05-18T23:05:03.1817390+03:00" endTime="2026-05-18T23:05:03.1817393+03:00" testType="13cdc9d9-ddb5-4fa4-a97d-d965ccfc6d4b" outcome="Passed" testListId="8c84fa94-04c1-424b-9868-57a2d4851a1d" relativeResultsDirectory="427155a7-c8af-4bf2-af20-4121c8db1f6c" />
    <UnitTestResult executionId="2bdaaa6c-1cf1-4681-80c1-f55a77ad9aaf" testId="a3ff68e3-f599-f05f-4bc8-b0a94354099f" testName="POS.Tests.CurrencyConversionTests.ToBase_same_rate_is_identity" computerName="ASUS" duration="00:00:00.0002693" startTime="2026-05-18T23:04:52.0924123+03:00" endTime="2026-05-18T23:04:52.0924124+03:00" testType="13cdc9d9-ddb5-4fa4-a97d-d965ccfc6d4b" outcome="Passed" testListId="8c84fa94-04c1-424b-9868-57a2d4851a1d" relativeResultsDirectory="2bdaaa6c-1cf1-4681-80c1-f55a77ad9aaf" />
    <UnitTestResult executionId="70d207e1-edff-4c19-8b9d-b9334f0f960a" testId="36d33af1-d87f-eccc-6359-c6311f13b9c0" testName="POS.Tests.StoreTests.Store_can_set_Name" computerName="ASUS" duration="00:00:00.0158630" startTime="2026-05-18T23:04:51.9434860+03:00" endTime="2026-05-18T23:04:51.9443635+03:00" testType="13cdc9d9-ddb5-4fa4-a97d-d965ccfc6d4b" outcome="Passed" testListId="8c84fa94-04c1-424b-9868-57a2d4851a1d" relativeResultsDirectory="70d207e1-edff-4c19-8b9d-b9334f0f960a" />
  </Results>
  <TestDefinitions>
    <UnitTest name="POS.Tests.StoreTests.Store_defaults_Id_is_empty_guid" storage="c:\projects\pos\tests\pos.tests\bin\debug\net8.0\pos.tests.dll" id="1cc5788a-0742-e1df-8236-2dadfebbb8ba">
      <Execution id="50bee476-f104-421c-a483-509222eaa0d6" />
      <TestMethod codeBase="C:\projects\POS\tests\POS.Tests\bin\Debug\net8.0\POS.Tests.dll" adapterTypeName="executor://xunit/VsTestRunner2/netcoreapp" className="POS.Tests.StoreTests" name="Store_defaults_Id_is_empty_guid" />
    </UnitTest>
    <UnitTest name="POS.Tests.ApiIntegrationTests.Lifecycle_endpoints_transition_invoice_status_and_allow_refund_after_payment" storage="c:\projects\pos\tests\pos.tests\bin\debug\net8.0\pos.tests.dll" id="daadd110-ba0d-c21e-bd3c-a936ce19c5d5">
      <Execution id="c267afeb-efa1-4073-9f98-6644a39f0990" />
      <TestMethod codeBase="C:\projects\POS\tests\POS.Tests\bin\Debug\net8.0\POS.Tests.dll" adapterTypeName="executor://xunit/VsTestRunner2/netcoreapp" className="POS.Tests.ApiIntegrationTests" name="Lifecycle_endpoints_transition_invoice_status_and_allow_refund_after_payment" />
    </UnitTest>
    <UnitTest name="POS.Tests.LineTotalTests.Line_total_handles_midpoint_decimal" storage="c:\projects\pos\tests\pos.tests\bin\debug\net8.0\pos.tests.dll" id="1f34e7a7-5750-e733-ef19-438e12e21a26">
      <Execution id="22bb6758-a6f1-451d-9160-459e670a7ec4" />
      <TestMethod codeBase="C:\projects\POS\tests\POS.Tests\bin\Debug\net8.0\POS.Tests.dll" adapterTypeName="executor://xunit/VsTestRunner2/netcoreapp" className="POS.Tests.LineTotalTests" name="Line_total_handles_midpoint_decimal" />
    </UnitTest>
    <UnitTest name="POS.Tests.CurrencyConversionTests.ToBase_converts_using_rate_ratio" storage="c:\projects\pos\tests\pos.tests\bin\debug\net8.0\pos.tests.dll" id="e7cd6e02-6031-1f3f-466f-32a7997cdadc">
      <Execution id="f3a01830-6d11-4f61-ba9d-f64b097c6255" />
      <TestMethod codeBase="C:\projects\POS\tests\POS.Tests\bin\Debug\net8.0\POS.Tests.dll" adapterTypeName="executor://xunit/VsTestRunner2/netcoreapp" className="POS.Tests.CurrencyConversionTests" name="ToBase_converts_using_rate_ratio" />
    </UnitTest>
    <UnitTest name="POS.Tests.ApiIntegrationTests.Login_and_catalog_endpoints_return_seeded_data" storage="c:\projects\pos\tests\pos.tests\bin\debug\net8.0\pos.tests.dll" id="1591ecf0-66d5-413a-ed23-c8a2ebf63ec4">
      <Execution id="63855c82-907f-40e4-99c6-8924544af49f" />
      <TestMethod codeBase="C:\projects\POS\tests\POS.Tests\bin\Debug\net8.0\POS.Tests.dll" adapterTypeName="executor://xunit/VsTestRunner2/netcoreapp" className="POS.Tests.ApiIntegrationTests" name="Login_and_catalog_endpoints_return_seeded_data" />
    </UnitTest>
    <UnitTest name="POS.Tests.StoreTests.Store_can_set_Name" storage="c:\projects\pos\tests\pos.tests\bin\debug\net8.0\pos.tests.dll" id="36d33af1-d87f-eccc-6359-c6311f13b9c0">
      <Execution id="70d207e1-edff-4c19-8b9d-b9334f0f960a" />
      <TestMethod codeBase="C:\projects\POS\tests\POS.Tests\bin\Debug\net8.0\POS.Tests.dll" adapterTypeName="executor://xunit/VsTestRunner2/netcoreapp" className="POS.Tests.StoreTests" name="Store_can_set_Name" />
    </UnitTest>
    <UnitTest name="POS.Tests.SyncMetadataTests.Invoice_mutations_increment_sync_version" storage="c:\projects\pos\tests\pos.tests\bin\debug\net8.0\pos.tests.dll" id="7542509e-5afb-609e-e0ed-c9580a7d671b">
      <Execution id="796c1348-2ddb-46d3-8322-f5dfa6ddbe21" />
      <TestMethod codeBase="C:\projects\POS\tests\POS.Tests\bin\Debug\net8.0\POS.Tests.dll" adapterTypeName="executor://xunit/VsTestRunner2/netcoreapp" className="POS.Tests.SyncMetadataTests" name="Invoice_mutations_increment_sync_version" />
    </UnitTest>
    <UnitTest name="POS.Tests.SettingsServiceTests.Search_products_uses_configured_low_stock_threshold" storage="c:\projects\pos\tests\pos.tests\bin\debug\net8.0\pos.tests.dll" id="b821df00-112c-df99-f89b-86fee22c4368">
      <Execution id="03b13ec5-5546-4df7-b530-d8649731009b" />
      <TestMethod codeBase="C:\projects\POS\tests\POS.Tests\bin\Debug\net8.0\POS.Tests.dll" adapterTypeName="executor://xunit/VsTestRunner2/netcoreapp" className="POS.Tests.SettingsServiceTests" name="Search_products_uses_configured_low_stock_threshold" />
    </UnitTest>
    <UnitTest name="POS.Tests.AuditLogTests.Currency_policy_update_writes_audit_row" storage="c:\projects\pos\tests\pos.tests\bin\debug\net8.0\pos.tests.dll" id="a0e26765-302c-ee09-992f-a7ef7407a4f8">
      <Execution id="b0402160-aa2e-4386-9f52-dbec2b236250" />
      <TestMethod codeBase="C:\projects\POS\tests\POS.Tests\bin\Debug\net8.0\POS.Tests.dll" adapterTypeName="executor://xunit/VsTestRunner2/netcoreapp" className="POS.Tests.AuditLogTests" name="Currency_policy_update_writes_audit_row" />
    </UnitTest>
    <UnitTest name="POS.Tests.CurrencyConversionTests.ToBase_same_rate_is_identity" storage="c:\projects\pos\tests\pos.tests\bin\debug\net8.0\pos.tests.dll" id="a3ff68e3-f599-f05f-4bc8-b0a94354099f">
      <Execution id="2bdaaa6c-1cf1-4681-80c1-f55a77ad9aaf" />
      <TestMethod codeBase="C:\projects\POS\tests\POS.Tests\bin\Debug\net8.0\POS.Tests.dll" adapterTypeName="executor://xunit/VsTestRunner2/netcoreapp" className="POS.Tests.CurrencyConversionTests" name="ToBase_same_rate_is_identity" />
    </UnitTest>
    <UnitTest name="POS.Tests.LineTotalTests.Line_total_rounds_away_from_zero" storage="c:\projects\pos\tests\pos.tests\bin\debug\net8.0\pos.tests.dll" id="8d315db6-2a0e-4c64-fe64-6d9dab174c37">
      <Execution id="83c56e3f-dd04-4bdf-99e8-e86939e53643" />
      <TestMethod codeBase="C:\projects\POS\tests\POS.Tests\bin\Debug\net8.0\POS.Tests.dll" adapterTypeName="executor://xunit/VsTestRunner2/netcoreapp" className="POS.Tests.LineTotalTests" name="Line_total_rounds_away_from_zero" />
    </UnitTest>
    <UnitTest name="POS.Tests.ApiIntegrationTests.Sync_endpoint_applies_invoice_snapshot_and_reports_conflict_for_stale_version" storage="c:\projects\pos\tests\pos.tests\bin\debug\net8.0\pos.tests.dll" id="3bab6a12-176a-4b40-df1c-1344d20e4493">
      <Execution id="427155a7-c8af-4bf2-af20-4121c8db1f6c" />
      <TestMethod codeBase="C:\projects\POS\tests\POS.Tests\bin\Debug\net8.0\POS.Tests.dll" adapterTypeName="executor://xunit/VsTestRunner2/netcoreapp" className="POS.Tests.ApiIntegrationTests" name="Sync_endpoint_applies_invoice_snapshot_and_reports_conflict_for_stale_version" />
    </UnitTest>
    <UnitTest name="POS.Tests.AuditLogTests.Product_update_writes_product_and_manual_stock_audits" storage="c:\projects\pos\tests\pos.tests\bin\debug\net8.0\pos.tests.dll" id="652c050b-d14c-c4b8-7605-fbfc86c2e75e">
      <Execution id="813db11d-91ba-40f2-8e40-9c5d5ad20dde" />
      <TestMethod codeBase="C:\projects\POS\tests\POS.Tests\bin\Debug\net8.0\POS.Tests.dll" adapterTypeName="executor://xunit/VsTestRunner2/netcoreapp" className="POS.Tests.AuditLogTests" name="Product_update_writes_product_and_manual_stock_audits" />
    </UnitTest>
    <UnitTest name="POS.Tests.AuditLogTests.Refund_writes_invoice_refunded_audit_row" storage="c:\projects\pos\tests\pos.tests\bin\debug\net8.0\pos.tests.dll" id="20263a67-98bf-c1c1-3ab6-3ec180636e5c">
      <Execution id="a97805c9-d3f8-47b8-bfb8-9c0a1536f7c5" />
      <TestMethod codeBase="C:\projects\POS\tests\POS.Tests\bin\Debug\net8.0\POS.Tests.dll" adapterTypeName="executor://xunit/VsTestRunner2/netcoreapp" className="POS.Tests.AuditLogTests" name="Refund_writes_invoice_refunded_audit_row" />
    </UnitTest>
    <UnitTest name="POS.Tests.SaleServiceSettingsTests.Negative_stock_policy_allows_oversell_and_uses_default_tax" storage="c:\projects\pos\tests\pos.tests\bin\debug\net8.0\pos.tests.dll" id="89177fa3-a6d3-201f-8bdc-49d838b6d227">
      <Execution id="2edde4e2-c0c2-4ada-a1c7-85b1eb13e415" />
      <TestMethod codeBase="C:\projects\POS\tests\POS.Tests\bin\Debug\net8.0\POS.Tests.dll" adapterTypeName="executor://xunit/VsTestRunner2/netcoreapp" className="POS.Tests.SaleServiceSettingsTests" name="Negative_stock_policy_allows_oversell_and_uses_default_tax" />
    </UnitTest>
    <UnitTest name="POS.Tests.SyncMetadataTests.New_sale_assigns_device_and_initial_sync_metadata" storage="c:\projects\pos\tests\pos.tests\bin\debug\net8.0\pos.tests.dll" id="ae94d76e-57d7-9ebf-e9f3-15d5b87775f5">
      <Execution id="a3ec3857-ed5c-4d0d-affd-e45407c38740" />
      <TestMethod codeBase="C:\projects\POS\tests\POS.Tests\bin\Debug\net8.0\POS.Tests.dll" adapterTypeName="executor://xunit/VsTestRunner2/netcoreapp" className="POS.Tests.SyncMetadataTests" name="New_sale_assigns_device_and_initial_sync_metadata" />
    </UnitTest>
    <UnitTest name="POS.Tests.CurrencyConversionTests.ToBase_zero_base_rate_throws" storage="c:\projects\pos\tests\pos.tests\bin\debug\net8.0\pos.tests.dll" id="6c59921a-70d3-7570-64ad-d2dff5146048">
      <Execution id="69960aa6-09eb-462a-91c5-f944f57f9bf4" />
      <TestMethod codeBase="C:\projects\POS\tests\POS.Tests\bin\Debug\net8.0\POS.Tests.dll" adapterTypeName="executor://xunit/VsTestRunner2/netcoreapp" className="POS.Tests.CurrencyConversionTests" name="ToBase_zero_base_rate_throws" />
    </UnitTest>
    <UnitTest name="POS.Tests.InvoiceSyncServiceTests.Push_unsynced_invoices_marks_local_invoice_synced_when_server_accepts" storage="c:\projects\pos\tests\pos.tests\bin\debug\net8.0\pos.tests.dll" id="92deb2b5-8a60-64f9-32a1-d5189eb1991a">
      <Execution id="5befc5f9-261e-4730-9555-883e7f779044" />
      <TestMethod codeBase="C:\projects\POS\tests\POS.Tests\bin\Debug\net8.0\POS.Tests.dll" adapterTypeName="executor://xunit/VsTestRunner2/netcoreapp" className="POS.Tests.InvoiceSyncServiceTests" name="Push_unsynced_invoices_marks_local_invoice_synced_when_server_accepts" />
    </UnitTest>
    <UnitTest name="POS.Tests.SaleServiceSettingsTests.Negative_stock_policy_blocks_when_disabled" storage="c:\projects\pos\tests\pos.tests\bin\debug\net8.0\pos.tests.dll" id="986bd36d-0e1d-f0d2-3e67-0ef978eb3cdb">
      <Execution id="debb3a0d-434b-40cf-9536-8ab4b239b6d6" />
      <TestMethod codeBase="C:\projects\POS\tests\POS.Tests\bin\Debug\net8.0\POS.Tests.dll" adapterTypeName="executor://xunit/VsTestRunner2/netcoreapp" className="POS.Tests.SaleServiceSettingsTests" name="Negative_stock_policy_blocks_when_disabled" />
    </UnitTest>
    <UnitTest name="POS.Tests.ApiIntegrationTests.Cash_sale_flow_returns_updated_snapshots_and_receipt" storage="c:\projects\pos\tests\pos.tests\bin\debug\net8.0\pos.tests.dll" id="c066c2df-147c-a15a-a61f-ea4ea453263b">
      <Execution id="9323c336-2e8d-49bb-bbba-567e91a5ce74" />
      <TestMethod codeBase="C:\projects\POS\tests\POS.Tests\bin\Debug\net8.0\POS.Tests.dll" adapterTypeName="executor://xunit/VsTestRunner2/netcoreapp" className="POS.Tests.ApiIntegrationTests" name="Cash_sale_flow_returns_updated_snapshots_and_receipt" />
    </UnitTest>
    <UnitTest name="POS.Tests.SettingsServiceTests.Settings_round_trip_persists_and_loads" storage="c:\projects\pos\tests\pos.tests\bin\debug\net8.0\pos.tests.dll" id="80860392-46c6-8311-6952-cb692ad00414">
      <Execution id="db7618df-4c03-4ce7-bbd7-a03a27ead493" />
      <TestMethod codeBase="C:\projects\POS\tests\POS.Tests\bin\Debug\net8.0\POS.Tests.dll" adapterTypeName="executor://xunit/VsTestRunner2/netcoreapp" className="POS.Tests.SettingsServiceTests" name="Settings_round_trip_persists_and_loads" />
    </UnitTest>
  </TestDefinitions>
  <TestEntries>
    <TestEntry testId="1591ecf0-66d5-413a-ed23-c8a2ebf63ec4" executionId="63855c82-907f-40e4-99c6-8924544af49f" testListId="8c84fa94-04c1-424b-9868-57a2d4851a1d" />
    <TestEntry testId="b821df00-112c-df99-f89b-86fee22c4368" executionId="03b13ec5-5546-4df7-b530-d8649731009b" testListId="8c84fa94-04c1-424b-9868-57a2d4851a1d" />
    <TestEntry testId="6c59921a-70d3-7570-64ad-d2dff5146048" executionId="69960aa6-09eb-462a-91c5-f944f57f9bf4" testListId="8c84fa94-04c1-424b-9868-57a2d4851a1d" />
    <TestEntry testId="89177fa3-a6d3-201f-8bdc-49d838b6d227" executionId="2edde4e2-c0c2-4ada-a1c7-85b1eb13e415" testListId="8c84fa94-04c1-424b-9868-57a2d4851a1d" />
    <TestEntry testId="652c050b-d14c-c4b8-7605-fbfc86c2e75e" executionId="813db11d-91ba-40f2-8e40-9c5d5ad20dde" testListId="8c84fa94-04c1-424b-9868-57a2d4851a1d" />
    <TestEntry testId="1f34e7a7-5750-e733-ef19-438e12e21a26" executionId="22bb6758-a6f1-451d-9160-459e670a7ec4" testListId="8c84fa94-04c1-424b-9868-57a2d4851a1d" />
    <TestEntry testId="e7cd6e02-6031-1f3f-466f-32a7997cdadc" executionId="f3a01830-6d11-4f61-ba9d-f64b097c6255" testListId="8c84fa94-04c1-424b-9868-57a2d4851a1d" />
    <TestEntry testId="c066c2df-147c-a15a-a61f-ea4ea453263b" executionId="9323c336-2e8d-49bb-bbba-567e91a5ce74" testListId="8c84fa94-04c1-424b-9868-57a2d4851a1d" />
    <TestEntry testId="ae94d76e-57d7-9ebf-e9f3-15d5b87775f5" executionId="a3ec3857-ed5c-4d0d-affd-e45407c38740" testListId="8c84fa94-04c1-424b-9868-57a2d4851a1d" />
    <TestEntry testId="8d315db6-2a0e-4c64-fe64-6d9dab174c37" executionId="83c56e3f-dd04-4bdf-99e8-e86939e53643" testListId="8c84fa94-04c1-424b-9868-57a2d4851a1d" />
    <TestEntry testId="20263a67-98bf-c1c1-3ab6-3ec180636e5c" executionId="a97805c9-d3f8-47b8-bfb8-9c0a1536f7c5" testListId="8c84fa94-04c1-424b-9868-57a2d4851a1d" />
    <TestEntry testId="daadd110-ba0d-c21e-bd3c-a936ce19c5d5" executionId="c267afeb-efa1-4073-9f98-6644a39f0990" testListId="8c84fa94-04c1-424b-9868-57a2d4851a1d" />
    <TestEntry testId="92deb2b5-8a60-64f9-32a1-d5189eb1991a" executionId="5befc5f9-261e-4730-9555-883e7f779044" testListId="8c84fa94-04c1-424b-9868-57a2d4851a1d" />
    <TestEntry testId="80860392-46c6-8311-6952-cb692ad00414" executionId="db7618df-4c03-4ce7-bbd7-a03a27ead493" testListId="8c84fa94-04c1-424b-9868-57a2d4851a1d" />
    <TestEntry testId="986bd36d-0e1d-f0d2-3e67-0ef978eb3cdb" executionId="debb3a0d-434b-40cf-9536-8ab4b239b6d6" testListId="8c84fa94-04c1-424b-9868-57a2d4851a1d" />
    <TestEntry testId="a0e26765-302c-ee09-992f-a7ef7407a4f8" executionId="b0402160-aa2e-4386-9f52-dbec2b236250" testListId="8c84fa94-04c1-424b-9868-57a2d4851a1d" />
    <TestEntry testId="1cc5788a-0742-e1df-8236-2dadfebbb8ba" executionId="50bee476-f104-421c-a483-509222eaa0d6" testListId="8c84fa94-04c1-424b-9868-57a2d4851a1d" />
    <TestEntry testId="7542509e-5afb-609e-e0ed-c9580a7d671b" executionId="796c1348-2ddb-46d3-8322-f5dfa6ddbe21" testListId="8c84fa94-04c1-424b-9868-57a2d4851a1d" />
    <TestEntry testId="3bab6a12-176a-4b40-df1c-1344d20e4493" executionId="427155a7-c8af-4bf2-af20-4121c8db1f6c" testListId="8c84fa94-04c1-424b-9868-57a2d4851a1d" />
    <TestEntry testId="a3ff68e3-f599-f05f-4bc8-b0a94354099f" executionId="2bdaaa6c-1cf1-4681-80c1-f55a77ad9aaf" testListId="8c84fa94-04c1-424b-9868-57a2d4851a1d" />
    <TestEntry testId="36d33af1-d87f-eccc-6359-c6311f13b9c0" executionId="70d207e1-edff-4c19-8b9d-b9334f0f960a" testListId="8c84fa94-04c1-424b-9868-57a2d4851a1d" />
  </TestEntries>
  <TestLists>
    <TestList name="Results Not in a List" id="8c84fa94-04c1-424b-9868-57a2d4851a1d" />
    <TestList name="All Loaded Results" id="19431567-8539-422a-85d7-44ee4e166bda" />
  </TestLists>
  <ResultSummary outcome="Completed">
    <Counters total="21" executed="21" passed="21" failed="0" error="0" timeout="0" aborted="0" inconclusive="0" passedButRunAborted="0" notRunnable="0" notExecuted="0" disconnected="0" warning="0" completed="0" inProgress="0" pending="0" />
    <Output>
      <StdOut>[xUnit.net 00:00:00.00] xUnit.net VSTest Adapter v2.5.3.1+6b60a9e56a (64-bit .NET 8.0.25)&#xD;
[xUnit.net 00:00:00.49]   Discovering: POS.Tests&#xD;
[xUnit.net 00:00:00.67]   Discovered:  POS.Tests&#xD;
[xUnit.net 00:00:00.70]   Starting:    POS.Tests&#xD;
warn: Microsoft.EntityFrameworkCore.Query[10103]&#xD;
      The query uses the 'First'/'FirstOrDefault' operator without 'OrderBy' and filter operators. This may lead to unpredictable results.&#xD;
warn: Microsoft.EntityFrameworkCore.Query[20504]&#xD;
      Compiling a query which loads related collections for more than one collection navigation, either via 'Include' or through projection, but no 'QuerySplittingBehavior' has been configured. By default, Entity Framework will use 'QuerySplittingBehavior.SingleQuery', which can potentially result in slow query performance. See https://go.microsoft.com/fwlink/?linkid=2134277 for more information. To identify the query that's triggering this warning call 'ConfigureWarnings(w =&gt; w.Throw(RelationalEventId.MultipleCollectionIncludeWarning))'.&#xD;
[xUnit.net 00:00:15.24]   Finished:    POS.Tests&#xD;
</StdOut>
    </Output>
  </ResultSummary>
</TestRun>