<?xml version="1.0" encoding="utf-8"?>
<TestRun id="a59a1fe2-6456-490f-b7dc-d5191bd370a9" name="User@ASUS 2026-05-21 15:46:25" runUser="Asus\User" xmlns="http://microsoft.com/schemas/VisualStudio/TeamTest/2010">
  <Times creation="2026-05-21T15:46:25.4163985+03:00" queuing="2026-05-21T15:46:25.4163988+03:00" start="2026-05-21T15:46:15.3926415+03:00" finish="2026-05-21T15:46:25.4341258+03:00" />
  <TestSettings name="default" id="c6a4f063-91fd-43e7-837b-f780471b48f6">
    <Deployment runDeploymentRoot="User_ASUS_2026-05-21_15_46_25" />
  </TestSettings>
  <Results>
    <UnitTestResult executionId="97d23c31-f673-4b0d-873b-7e51b4cd9a97" testId="3e8bc961-418f-22cc-1c15-b7441605b0a9" testName="POS.Tests.WebIntegrationTests.Management_get_stock_ledger_filter_supports_yesterday_preset" computerName="ASUS" duration="00:00:07.8200354" startTime="2026-05-21T15:46:25.1129642+03:00" endTime="2026-05-21T15:46:25.1129942+03:00" testType="13cdc9d9-ddb5-4fa4-a97d-d965ccfc6d4b" outcome="Passed" testListId="8c84fa94-04c1-424b-9868-57a2d4851a1d" relativeResultsDirectory="97d23c31-f673-4b0d-873b-7e51b4cd9a97" />
  </Results>
  <TestDefinitions>
    <UnitTest name="POS.Tests.WebIntegrationTests.Management_get_stock_ledger_filter_supports_yesterday_preset" storage="c:\projects\pos\tests\pos.tests\bin\debug\net8.0\pos.tests.dll" id="3e8bc961-418f-22cc-1c15-b7441605b0a9">
      <Execution id="97d23c31-f673-4b0d-873b-7e51b4cd9a97" />
      <TestMethod codeBase="C:\projects\POS\tests\POS.Tests\bin\Debug\net8.0\POS.Tests.dll" adapterTypeName="executor://xunit/VsTestRunner2/netcoreapp" className="POS.Tests.WebIntegrationTests" name="Management_get_stock_ledger_filter_supports_yesterday_preset" />
    </UnitTest>
  </TestDefinitions>
  <TestEntries>
    <TestEntry testId="3e8bc961-418f-22cc-1c15-b7441605b0a9" executionId="97d23c31-f673-4b0d-873b-7e51b4cd9a97" testListId="8c84fa94-04c1-424b-9868-57a2d4851a1d" />
  </TestEntries>
  <TestLists>
    <TestList name="Results Not in a List" id="8c84fa94-04c1-424b-9868-57a2d4851a1d" />
    <TestList name="All Loaded Results" id="19431567-8539-422a-85d7-44ee4e166bda" />
  </TestLists>
  <ResultSummary outcome="Completed">
    <Counters total="1" executed="1" passed="1" failed="0" error="0" timeout="0" aborted="0" inconclusive="0" passedButRunAborted="0" notRunnable="0" notExecuted="0" disconnected="0" warning="0" completed="0" inProgress="0" pending="0" />
    <Output>
      <StdOut>[xUnit.net 00:00:00.00] xUnit.net VSTest Adapter v2.5.3.1+6b60a9e56a (64-bit .NET 8.0.25)&#xD;
[xUnit.net 00:00:00.23]   Discovering: POS.Tests&#xD;
[xUnit.net 00:00:00.31]   Discovered:  POS.Tests&#xD;
[xUnit.net 00:00:00.32]   Starting:    POS.Tests&#xD;
warn: Microsoft.EntityFrameworkCore.Query[10103]&#xD;
      The query uses the 'First'/'FirstOrDefault' operator without 'OrderBy' and filter operators. This may lead to unpredictable results.&#xD;
warn: Microsoft.EntityFrameworkCore.Query[10103]&#xD;
      The query uses the 'First'/'FirstOrDefault' operator without 'OrderBy' and filter operators. This may lead to unpredictable results.&#xD;
[xUnit.net 00:00:08.27]   Finished:    POS.Tests&#xD;
</StdOut>
    </Output>
  </ResultSummary>
</TestRun>