<?xml version="1.0" encoding="utf-8"?>
<TestRun id="20abee15-c38e-492d-8cea-0c6f783123c8" name="User@ASUS 2026-05-21 13:58:09" runUser="Asus\User" xmlns="http://microsoft.com/schemas/VisualStudio/TeamTest/2010">
  <Times creation="2026-05-21T13:58:09.3304254+03:00" queuing="2026-05-21T13:58:09.3304257+03:00" start="2026-05-21T13:58:01.0986325+03:00" finish="2026-05-21T13:58:10.6023061+03:00" />
  <TestSettings name="default" id="be0e1b88-8eab-4f4c-b2bd-076c578d6842">
    <Deployment runDeploymentRoot="User_ASUS_2026-05-21_13_58_09" />
  </TestSettings>
  <Results>
    <UnitTestResult executionId="c20fcd1c-866d-4c5e-8e84-2f30ab97592c" testId="74383383-f939-07d1-39da-0d7a2c60cf16" testName="POS.Tests.WebIntegrationTests.Login_flow_redirects_unauthenticated_dashboard_requests_and_then_renders_dashboard" computerName="ASUS" duration="00:00:01.1241528" startTime="2026-05-21T13:58:10.4124896+03:00" endTime="2026-05-21T13:58:10.4124906+03:00" testType="13cdc9d9-ddb5-4fa4-a97d-d965ccfc6d4b" outcome="Passed" testListId="8c84fa94-04c1-424b-9868-57a2d4851a1d" relativeResultsDirectory="c20fcd1c-866d-4c5e-8e84-2f30ab97592c" />
    <UnitTestResult executionId="bc36bd0f-518c-4c15-a02f-9e1c656f1cc6" testId="426fc058-a14c-0d44-caba-3b3cceddcea2" testName="POS.Tests.WebIntegrationTests.Management_postbacks_create_user_and_persist_operational_settings" computerName="ASUS" duration="00:00:06.2139298" startTime="2026-05-21T13:58:09.2867553+03:00" endTime="2026-05-21T13:58:09.2867860+03:00" testType="13cdc9d9-ddb5-4fa4-a97d-d965ccfc6d4b" outcome="Passed" testListId="8c84fa94-04c1-424b-9868-57a2d4851a1d" relativeResultsDirectory="bc36bd0f-518c-4c15-a02f-9e1c656f1cc6" />
  </Results>
  <TestDefinitions>
    <UnitTest name="POS.Tests.WebIntegrationTests.Management_postbacks_create_user_and_persist_operational_settings" storage="c:\projects\pos\tests\pos.tests\bin\debug\net8.0\pos.tests.dll" id="426fc058-a14c-0d44-caba-3b3cceddcea2">
      <Execution id="bc36bd0f-518c-4c15-a02f-9e1c656f1cc6" />
      <TestMethod codeBase="C:\projects\POS\tests\POS.Tests\bin\Debug\net8.0\POS.Tests.dll" adapterTypeName="executor://xunit/VsTestRunner2/netcoreapp" className="POS.Tests.WebIntegrationTests" name="Management_postbacks_create_user_and_persist_operational_settings" />
    </UnitTest>
    <UnitTest name="POS.Tests.WebIntegrationTests.Login_flow_redirects_unauthenticated_dashboard_requests_and_then_renders_dashboard" storage="c:\projects\pos\tests\pos.tests\bin\debug\net8.0\pos.tests.dll" id="74383383-f939-07d1-39da-0d7a2c60cf16">
      <Execution id="c20fcd1c-866d-4c5e-8e84-2f30ab97592c" />
      <TestMethod codeBase="C:\projects\POS\tests\POS.Tests\bin\Debug\net8.0\POS.Tests.dll" adapterTypeName="executor://xunit/VsTestRunner2/netcoreapp" className="POS.Tests.WebIntegrationTests" name="Login_flow_redirects_unauthenticated_dashboard_requests_and_then_renders_dashboard" />
    </UnitTest>
  </TestDefinitions>
  <TestEntries>
    <TestEntry testId="74383383-f939-07d1-39da-0d7a2c60cf16" executionId="c20fcd1c-866d-4c5e-8e84-2f30ab97592c" testListId="8c84fa94-04c1-424b-9868-57a2d4851a1d" />
    <TestEntry testId="426fc058-a14c-0d44-caba-3b3cceddcea2" executionId="bc36bd0f-518c-4c15-a02f-9e1c656f1cc6" testListId="8c84fa94-04c1-424b-9868-57a2d4851a1d" />
  </TestEntries>
  <TestLists>
    <TestList name="Results Not in a List" id="8c84fa94-04c1-424b-9868-57a2d4851a1d" />
    <TestList name="All Loaded Results" id="19431567-8539-422a-85d7-44ee4e166bda" />
  </TestLists>
  <ResultSummary outcome="Completed">
    <Counters total="2" executed="2" passed="2" failed="0" error="0" timeout="0" aborted="0" inconclusive="0" passedButRunAborted="0" notRunnable="0" notExecuted="0" disconnected="0" warning="0" completed="0" inProgress="0" pending="0" />
    <Output>
      <StdOut>[xUnit.net 00:00:00.00] xUnit.net VSTest Adapter v2.5.3.1+6b60a9e56a (64-bit .NET 8.0.25)&#xD;
[xUnit.net 00:00:00.34]   Discovering: POS.Tests&#xD;
[xUnit.net 00:00:00.54]   Discovered:  POS.Tests&#xD;
[xUnit.net 00:00:00.55]   Starting:    POS.Tests&#xD;
warn: Microsoft.EntityFrameworkCore.Query[10103]&#xD;
      The query uses the 'First'/'FirstOrDefault' operator without 'OrderBy' and filter operators. This may lead to unpredictable results.&#xD;
[xUnit.net 00:00:08.09]   Finished:    POS.Tests&#xD;
</StdOut>
    </Output>
  </ResultSummary>
</TestRun>