<?xml version="1.0" encoding="utf-8"?>
<TestRun id="888cef53-836e-4c6b-810c-766858541f4a" name="User@ASUS 2026-05-21 23:31:18" runUser="Asus\User" xmlns="http://microsoft.com/schemas/VisualStudio/TeamTest/2010">
  <Times creation="2026-05-21T23:31:18.9077905+03:00" queuing="2026-05-21T23:31:18.9077915+03:00" start="2026-05-21T23:30:54.7754015+03:00" finish="2026-05-21T23:31:18.9782437+03:00" />
  <TestSettings name="default" id="18c1bc84-fcae-4511-99cb-3ee06be98e67">
    <Deployment runDeploymentRoot="User_ASUS_2026-05-21_23_31_18" />
  </TestSettings>
  <Results>
    <UnitTestResult executionId="bef7c09e-9311-4386-887e-230c66acc1b5" testId="b719c9c1-7f2c-ad8f-2414-c738e3ef696d" testName="POS.Tests.WebIntegrationTests.Management_get_stock_ledger_filter_supports_last_30_days_preset" computerName="ASUS" duration="00:00:19.9957620" startTime="2026-05-21T23:31:17.8395246+03:00" endTime="2026-05-21T23:31:17.8396000+03:00" testType="13cdc9d9-ddb5-4fa4-a97d-d965ccfc6d4b" outcome="Passed" testListId="8c84fa94-04c1-424b-9868-57a2d4851a1d" relativeResultsDirectory="bef7c09e-9311-4386-887e-230c66acc1b5" />
  </Results>
  <TestDefinitions>
    <UnitTest name="POS.Tests.WebIntegrationTests.Management_get_stock_ledger_filter_supports_last_30_days_preset" storage="c:\projects\pos\tests\pos.tests\bin\debug\net8.0\pos.tests.dll" id="b719c9c1-7f2c-ad8f-2414-c738e3ef696d">
      <Execution id="bef7c09e-9311-4386-887e-230c66acc1b5" />
      <TestMethod codeBase="C:\projects\POS\tests\POS.Tests\bin\Debug\net8.0\POS.Tests.dll" adapterTypeName="executor://xunit/VsTestRunner2/netcoreapp" className="POS.Tests.WebIntegrationTests" name="Management_get_stock_ledger_filter_supports_last_30_days_preset" />
    </UnitTest>
  </TestDefinitions>
  <TestEntries>
    <TestEntry testId="b719c9c1-7f2c-ad8f-2414-c738e3ef696d" executionId="bef7c09e-9311-4386-887e-230c66acc1b5" testListId="8c84fa94-04c1-424b-9868-57a2d4851a1d" />
  </TestEntries>
  <TestLists>
    <TestList name="Results Not in a List" id="8c84fa94-04c1-424b-9868-57a2d4851a1d" />
    <TestList name="All Loaded Results" id="19431567-8539-422a-85d7-44ee4e166bda" />
  </TestLists>
  <ResultSummary outcome="Completed">
    <Counters total="1" executed="1" passed="1" failed="0" error="0" timeout="0" aborted="0" inconclusive="0" passedButRunAborted="0" notRunnable="0" notExecuted="0" disconnected="0" warning="0" completed="0" inProgress="0" pending="0" />
    <Output>
      <StdOut>[xUnit.net 00:00:00.00] xUnit.net VSTest Adapter v2.5.3.1+6b60a9e56a (64-bit .NET 8.0.25)&#xD;
[xUnit.net 00:00:00.43]   Discovering: POS.Tests&#xD;
[xUnit.net 00:00:00.60]   Discovered:  POS.Tests&#xD;
[xUnit.net 00:00:00.62]   Starting:    POS.Tests&#xD;
warn: Microsoft.EntityFrameworkCore.Query[10103]&#xD;
      The query uses the 'First'/'FirstOrDefault' operator without 'OrderBy' and filter operators. This may lead to unpredictable results.&#xD;
warn: Microsoft.EntityFrameworkCore.Query[10103]&#xD;
      The query uses the 'First'/'FirstOrDefault' operator without 'OrderBy' and filter operators. This may lead to unpredictable results.&#xD;
[xUnit.net 00:00:20.87]   Finished:    POS.Tests&#xD;
</StdOut>
    </Output>
  </ResultSummary>
</TestRun>