<?xml version="1.0" encoding="utf-8"?>
<TestRun id="3afa77f0-65b0-4c88-afce-3b32a5aa7150" name="User@ASUS 2026-05-21 15:38:32" runUser="Asus\User" xmlns="http://microsoft.com/schemas/VisualStudio/TeamTest/2010">
  <Times creation="2026-05-21T15:38:32.2074570+03:00" queuing="2026-05-21T15:38:32.2074592+03:00" start="2026-05-21T15:38:06.3100809+03:00" finish="2026-05-21T15:38:32.2567626+03:00" />
  <TestSettings name="default" id="67dcab9a-49d1-4db8-b22e-119f18f697c1">
    <Deployment runDeploymentRoot="User_ASUS_2026-05-21_15_38_32" />
  </TestSettings>
  <Results>
    <UnitTestResult executionId="497f33e5-bfdb-4411-83ed-09827ac8eef7" testId="32de2e2b-a1b6-eb22-ade6-bee4ce60e212" testName="POS.Tests.WebIntegrationTests.Management_get_stock_ledger_filter_supports_today_preset" computerName="ASUS" duration="00:00:21.2696497" startTime="2026-05-21T15:38:31.4603962+03:00" endTime="2026-05-21T15:38:31.4604271+03:00" testType="13cdc9d9-ddb5-4fa4-a97d-d965ccfc6d4b" outcome="Passed" testListId="8c84fa94-04c1-424b-9868-57a2d4851a1d" relativeResultsDirectory="497f33e5-bfdb-4411-83ed-09827ac8eef7" />
  </Results>
  <TestDefinitions>
    <UnitTest name="POS.Tests.WebIntegrationTests.Management_get_stock_ledger_filter_supports_today_preset" storage="c:\projects\pos\tests\pos.tests\bin\debug\net8.0\pos.tests.dll" id="32de2e2b-a1b6-eb22-ade6-bee4ce60e212">
      <Execution id="497f33e5-bfdb-4411-83ed-09827ac8eef7" />
      <TestMethod codeBase="C:\projects\POS\tests\POS.Tests\bin\Debug\net8.0\POS.Tests.dll" adapterTypeName="executor://xunit/VsTestRunner2/netcoreapp" className="POS.Tests.WebIntegrationTests" name="Management_get_stock_ledger_filter_supports_today_preset" />
    </UnitTest>
  </TestDefinitions>
  <TestEntries>
    <TestEntry testId="32de2e2b-a1b6-eb22-ade6-bee4ce60e212" executionId="497f33e5-bfdb-4411-83ed-09827ac8eef7" testListId="8c84fa94-04c1-424b-9868-57a2d4851a1d" />
  </TestEntries>
  <TestLists>
    <TestList name="Results Not in a List" id="8c84fa94-04c1-424b-9868-57a2d4851a1d" />
    <TestList name="All Loaded Results" id="19431567-8539-422a-85d7-44ee4e166bda" />
  </TestLists>
  <ResultSummary outcome="Completed">
    <Counters total="1" executed="1" passed="1" failed="0" error="0" timeout="0" aborted="0" inconclusive="0" passedButRunAborted="0" notRunnable="0" notExecuted="0" disconnected="0" warning="0" completed="0" inProgress="0" pending="0" />
    <Output>
      <StdOut>[xUnit.net 00:00:00.01] xUnit.net VSTest Adapter v2.5.3.1+6b60a9e56a (64-bit .NET 8.0.25)&#xD;
[xUnit.net 00:00:00.52]   Discovering: POS.Tests&#xD;
[xUnit.net 00:00:00.74]   Discovered:  POS.Tests&#xD;
[xUnit.net 00:00:00.76]   Starting:    POS.Tests&#xD;
warn: Microsoft.EntityFrameworkCore.Query[10103]&#xD;
      The query uses the 'First'/'FirstOrDefault' operator without 'OrderBy' and filter operators. This may lead to unpredictable results.&#xD;
warn: Microsoft.EntityFrameworkCore.Query[10103]&#xD;
      The query uses the 'First'/'FirstOrDefault' operator without 'OrderBy' and filter operators. This may lead to unpredictable results.&#xD;
[xUnit.net 00:00:22.30]   Finished:    POS.Tests&#xD;
</StdOut>
    </Output>
  </ResultSummary>
</TestRun>