<?xml version="1.0" encoding="utf-8"?>
<TestRun id="d8f7d419-49f6-4cef-9150-e95b73c1fca0" name="User@ASUS 2026-05-21 12:06:36" runUser="Asus\User" xmlns="http://microsoft.com/schemas/VisualStudio/TeamTest/2010">
  <Times creation="2026-05-21T12:06:36.1170044+03:00" queuing="2026-05-21T12:06:36.1170046+03:00" start="2026-05-21T12:06:34.8290966+03:00" finish="2026-05-21T12:06:58.1773871+03:00" />
  <TestSettings name="default" id="5d720909-54f2-45d8-a548-f1c599fcc05c">
    <Deployment runDeploymentRoot="User_ASUS_2026-05-21_12_06_36" />
  </TestSettings>
  <Results>
    <UnitTestResult executionId="29ba602d-0af2-4428-89d9-1647ce3166cb" testId="1cc5788a-0742-e1df-8236-2dadfebbb8ba" testName="POS.Tests.StoreTests.Store_defaults_Id_is_empty_guid" computerName="ASUS" duration="00:00:00.0048036" startTime="2026-05-21T12:06:36.0232619+03:00" endTime="2026-05-21T12:06:36.0232620+03:00" testType="13cdc9d9-ddb5-4fa4-a97d-d965ccfc6d4b" outcome="Passed" testListId="8c84fa94-04c1-424b-9868-57a2d4851a1d" relativeResultsDirectory="29ba602d-0af2-4428-89d9-1647ce3166cb" />
    <UnitTestResult executionId="14951d4e-68be-4d7a-afac-4f8ccd367f77" testId="aa81bcc1-5dd5-1acf-433e-f733cd728233" testName="POS.Tests.ApiIntegrationTests.Sync_settings_pull_endpoint_returns_server_setting_changes_after_cursor" computerName="ASUS" duration="00:00:00.6332592" startTime="2026-05-21T12:06:53.1685138+03:00" endTime="2026-05-21T12:06:53.1685139+03:00" testType="13cdc9d9-ddb5-4fa4-a97d-d965ccfc6d4b" outcome="Passed" testListId="8c84fa94-04c1-424b-9868-57a2d4851a1d" relativeResultsDirectory="14951d4e-68be-4d7a-afac-4f8ccd367f77" />
    <UnitTestResult executionId="292b023a-4e50-4fa1-84e9-b531d3f04e39" testId="bbf1eece-04dc-2fd0-b4f6-d049225ca1d9" testName="POS.Tests.ApiIntegrationTests.Sync_currency_policy_pull_endpoint_returns_newer_server_policy" computerName="ASUS" duration="00:00:00.6524545" startTime="2026-05-21T12:06:50.4761861+03:00" endTime="2026-05-21T12:06:50.4761863+03:00" testType="13cdc9d9-ddb5-4fa4-a97d-d965ccfc6d4b" outcome="Passed" testListId="8c84fa94-04c1-424b-9868-57a2d4851a1d" relativeResultsDirectory="292b023a-4e50-4fa1-84e9-b531d3f04e39" />
    <UnitTestResult executionId="f8f6b0e7-b1af-4e63-b8fa-3cef850fb9f7" testId="daadd110-ba0d-c21e-bd3c-a936ce19c5d5" testName="POS.Tests.ApiIntegrationTests.Lifecycle_endpoints_transition_invoice_status_and_allow_refund_after_payment" computerName="ASUS" duration="00:00:01.5986843" startTime="2026-05-21T12:06:47.7828523+03:00" endTime="2026-05-21T12:06:47.7828526+03:00" testType="13cdc9d9-ddb5-4fa4-a97d-d965ccfc6d4b" outcome="Passed" testListId="8c84fa94-04c1-424b-9868-57a2d4851a1d" relativeResultsDirectory="f8f6b0e7-b1af-4e63-b8fa-3cef850fb9f7" />
    <UnitTestResult executionId="7450c44f-032a-4bdc-b12d-bb34e49c2f9c" testId="89177fa3-a6d3-201f-8bdc-49d838b6d227" testName="POS.Tests.SaleServiceSettingsTests.Negative_stock_policy_allows_oversell_and_uses_default_tax" computerName="ASUS" duration="00:00:00.5174805" startTime="2026-05-21T12:06:39.6320189+03:00" endTime="2026-05-21T12:06:39.6320190+03:00" testType="13cdc9d9-ddb5-4fa4-a97d-d965ccfc6d4b" outcome="Passed" testListId="8c84fa94-04c1-424b-9868-57a2d4851a1d" relativeResultsDirectory="7450c44f-032a-4bdc-b12d-bb34e49c2f9c" />
    <UnitTestResult executionId="7c398748-ebfb-400a-b309-e101ff5f5c8c" testId="20263a67-98bf-c1c1-3ab6-3ec180636e5c" testName="POS.Tests.AuditLogTests.Refund_writes_invoice_refunded_audit_row" computerName="ASUS" duration="00:00:00.5132264" startTime="2026-05-21T12:06:39.5141805+03:00" endTime="2026-05-21T12:06:39.5141807+03:00" testType="13cdc9d9-ddb5-4fa4-a97d-d965ccfc6d4b" outcome="Passed" testListId="8c84fa94-04c1-424b-9868-57a2d4851a1d" relativeResultsDirectory="7c398748-ebfb-400a-b309-e101ff5f5c8c" />
    <UnitTestResult executionId="80fbd4b7-ffb2-4eec-94a3-8ec9de6a2264" testId="e4221f37-9e5f-6627-e042-951eeaffa750" testName="POS.Tests.ApiIntegrationTests.Sync_product_pull_endpoint_returns_server_product_changes_after_cursor" computerName="ASUS" duration="00:00:04.3143813" startTime="2026-05-21T12:06:40.2024525+03:00" endTime="2026-05-21T12:06:40.2024546+03:00" testType="13cdc9d9-ddb5-4fa4-a97d-d965ccfc6d4b" outcome="Passed" testListId="8c84fa94-04c1-424b-9868-57a2d4851a1d" relativeResultsDirectory="80fbd4b7-ffb2-4eec-94a3-8ec9de6a2264" />
    <UnitTestResult executionId="1cd38375-92ea-4a30-a78a-164a3bf64bd7" testId="406ac49f-a9db-abd8-6605-474ab1766f43" testName="POS.Tests.ApiIntegrationTests.Sync_users_push_endpoint_applies_snapshot_on_server_and_creates_missing_role" computerName="ASUS" duration="00:00:00.6862235" startTime="2026-05-21T12:06:52.5350885+03:00" endTime="2026-05-21T12:06:52.5350893+03:00" testType="13cdc9d9-ddb5-4fa4-a97d-d965ccfc6d4b" outcome="Passed" testListId="8c84fa94-04c1-424b-9868-57a2d4851a1d" relativeResultsDirectory="1cd38375-92ea-4a30-a78a-164a3bf64bd7" />
    <UnitTestResult executionId="a8bdc8b5-55ab-4604-b4f4-f3398ae44f9d" testId="7c648003-73c0-0119-a724-1a61f1ad9e1e" testName="POS.Tests.ApiIntegrationTests.Sync_currency_policy_push_endpoint_applies_newer_policy_on_server" computerName="ASUS" duration="00:00:00.9831699" startTime="2026-05-21T12:06:46.1838872+03:00" endTime="2026-05-21T12:06:46.1838875+03:00" testType="13cdc9d9-ddb5-4fa4-a97d-d965ccfc6d4b" outcome="Passed" testListId="8c84fa94-04c1-424b-9868-57a2d4851a1d" relativeResultsDirectory="a8bdc8b5-55ab-4604-b4f4-f3398ae44f9d" />
    <UnitTestResult executionId="623a5308-aa9e-4421-912e-f4c57dd6b837" testId="652c050b-d14c-c4b8-7605-fbfc86c2e75e" testName="POS.Tests.AuditLogTests.Product_update_writes_product_and_manual_stock_audits" computerName="ASUS" duration="00:00:03.1156039" startTime="2026-05-21T12:06:39.0007837+03:00" endTime="2026-05-21T12:06:39.0007840+03:00" testType="13cdc9d9-ddb5-4fa4-a97d-d965ccfc6d4b" outcome="Passed" testListId="8c84fa94-04c1-424b-9868-57a2d4851a1d" relativeResultsDirectory="623a5308-aa9e-4421-912e-f4c57dd6b837" />
    <UnitTestResult executionId="85dfd7a3-d6a8-441e-8ac0-8c9e99e1ee0a" testId="d4beec55-8bb4-e04e-5263-607e5d0be97e" testName="POS.Tests.ApiIntegrationTests.Sync_devices_pull_endpoint_returns_server_device_changes_after_cursor" computerName="ASUS" duration="00:00:01.1237074" startTime="2026-05-21T12:06:48.9069300+03:00" endTime="2026-05-21T12:06:48.9069316+03:00" testType="13cdc9d9-ddb5-4fa4-a97d-d965ccfc6d4b" outcome="Passed" testListId="8c84fa94-04c1-424b-9868-57a2d4851a1d" relativeResultsDirectory="85dfd7a3-d6a8-441e-8ac0-8c9e99e1ee0a" />
    <UnitTestResult executionId="8099cb9a-aef0-4c92-a33d-9c890648ed15" testId="8caed3c1-0240-0112-54fb-7af6d16ea07c" testName="POS.Tests.InvoiceSyncServiceTests.Push_updated_users_sends_snapshots_and_persists_cursor" computerName="ASUS" duration="00:00:00.1988713" startTime="2026-05-21T12:06:41.2169871+03:00" endTime="2026-05-21T12:06:41.2169872+03:00" testType="13cdc9d9-ddb5-4fa4-a97d-d965ccfc6d4b" outcome="Passed" testListId="8c84fa94-04c1-424b-9868-57a2d4851a1d" relativeResultsDirectory="8099cb9a-aef0-4c92-a33d-9c890648ed15" />
    <UnitTestResult executionId="95e5454a-9e45-433e-b2e6-d9ad1a3ba34f" testId="e7cd6e02-6031-1f3f-466f-32a7997cdadc" testName="POS.Tests.CurrencyConversionTests.ToBase_converts_using_rate_ratio" computerName="ASUS" duration="00:00:00.0002512" startTime="2026-05-21T12:06:36.0225466+03:00" endTime="2026-05-21T12:06:36.0225467+03:00" testType="13cdc9d9-ddb5-4fa4-a97d-d965ccfc6d4b" outcome="Passed" testListId="8c84fa94-04c1-424b-9868-57a2d4851a1d" relativeResultsDirectory="95e5454a-9e45-433e-b2e6-d9ad1a3ba34f" />
    <UnitTestResult executionId="04aa9e7e-d302-46ad-af31-9368e63b92d3" testId="2a6bea22-6cfa-b098-fbb1-89db86be6be6" testName="POS.Tests.InvoiceSyncServiceTests.Pull_remote_settings_applies_snapshot_and_persists_cursor" computerName="ASUS" duration="00:00:00.3649023" startTime="2026-05-21T12:06:39.4563589+03:00" endTime="2026-05-21T12:06:39.4563597+03:00" testType="13cdc9d9-ddb5-4fa4-a97d-d965ccfc6d4b" outcome="Passed" testListId="8c84fa94-04c1-424b-9868-57a2d4851a1d" relativeResultsDirectory="04aa9e7e-d302-46ad-af31-9368e63b92d3" />
    <UnitTestResult executionId="f44357c3-6300-492d-a710-0de3c3f87f1b" testId="cdd07177-6813-55e3-9970-7431a43631cc" testName="POS.Tests.ApiIntegrationTests.Sync_category_push_endpoint_applies_snapshot_on_server" computerName="ASUS" duration="00:00:01.1121038" startTime="2026-05-21T12:06:45.2005113+03:00" endTime="2026-05-21T12:06:45.2005117+03:00" testType="13cdc9d9-ddb5-4fa4-a97d-d965ccfc6d4b" outcome="Passed" testListId="8c84fa94-04c1-424b-9868-57a2d4851a1d" relativeResultsDirectory="f44357c3-6300-492d-a710-0de3c3f87f1b" />
    <UnitTestResult executionId="1f5a74e1-822e-481b-b939-b26863efd28a" testId="ae94d76e-57d7-9ebf-e9f3-15d5b87775f5" testName="POS.Tests.SyncMetadataTests.New_sale_assigns_device_and_initial_sync_metadata" computerName="ASUS" duration="00:00:00.2306574" startTime="2026-05-21T12:06:39.7416478+03:00" endTime="2026-05-21T12:06:39.7416484+03:00" testType="13cdc9d9-ddb5-4fa4-a97d-d965ccfc6d4b" outcome="Passed" testListId="8c84fa94-04c1-424b-9868-57a2d4851a1d" relativeResultsDirectory="1f5a74e1-822e-481b-b939-b26863efd28a" />
    <UnitTestResult executionId="04d1d738-4fee-4ce9-8b49-d9e804951397" testId="21c9afa1-2904-5ab8-67d6-440b77a50fd5" testName="POS.Tests.InvoiceSyncServiceTests.Push_updated_products_sends_snapshots_and_persists_cursor" computerName="ASUS" duration="00:00:00.2537663" startTime="2026-05-21T12:06:42.3976191+03:00" endTime="2026-05-21T12:06:42.3976193+03:00" testType="13cdc9d9-ddb5-4fa4-a97d-d965ccfc6d4b" outcome="Passed" testListId="8c84fa94-04c1-424b-9868-57a2d4851a1d" relativeResultsDirectory="04d1d738-4fee-4ce9-8b49-d9e804951397" />
    <UnitTestResult executionId="6b4e0410-56ca-4ba7-a0e5-9a71caeb9626" testId="7bf4d9e4-505b-c4e2-ab4a-19827318a1d0" testName="POS.Tests.ApiIntegrationTests.Sync_devices_push_endpoint_skips_older_same_name_snapshot_without_changing_server_device_identity" computerName="ASUS" duration="00:00:00.6721191" startTime="2026-05-21T12:06:55.2162820+03:00" endTime="2026-05-21T12:06:55.2162822+03:00" testType="13cdc9d9-ddb5-4fa4-a97d-d965ccfc6d4b" outcome="Passed" testListId="8c84fa94-04c1-424b-9868-57a2d4851a1d" relativeResultsDirectory="6b4e0410-56ca-4ba7-a0e5-9a71caeb9626" />
    <UnitTestResult executionId="001d2987-831a-4467-b8af-bd53e58c8396" testId="a0e26765-302c-ee09-992f-a7ef7407a4f8" testName="POS.Tests.AuditLogTests.Currency_policy_update_writes_audit_row" computerName="ASUS" duration="00:00:00.3294106" startTime="2026-05-21T12:06:39.8437720+03:00" endTime="2026-05-21T12:06:39.8437722+03:00" testType="13cdc9d9-ddb5-4fa4-a97d-d965ccfc6d4b" outcome="Passed" testListId="8c84fa94-04c1-424b-9868-57a2d4851a1d" relativeResultsDirectory="001d2987-831a-4467-b8af-bd53e58c8396" />
    <UnitTestResult executionId="29b3a280-d705-409d-af7f-4348a24d1416" testId="d8188e0c-4832-e29a-22ae-965c7b053d74" testName="POS.Tests.ApiIntegrationTests.Sync_endpoint_reconciles_inventory_when_paid_invoice_is_later_refunded" computerName="ASUS" duration="00:00:01.3743836" startTime="2026-05-21T12:06:42.8922785+03:00" endTime="2026-05-21T12:06:42.8922788+03:00" testType="13cdc9d9-ddb5-4fa4-a97d-d965ccfc6d4b" outcome="Passed" testListId="8c84fa94-04c1-424b-9868-57a2d4851a1d" relativeResultsDirectory="29b3a280-d705-409d-af7f-4348a24d1416" />
    <UnitTestResult executionId="0f1ceb39-3e48-4e32-8a08-e9b379b684a6" testId="30b5d756-adfc-f568-265b-5e3e4ff673c3" testName="POS.Tests.ApiIntegrationTests.Sync_settings_push_endpoint_applies_snapshot_on_server" computerName="ASUS" duration="00:00:00.6668887" startTime="2026-05-21T12:06:51.1433159+03:00" endTime="2026-05-21T12:06:51.1433161+03:00" testType="13cdc9d9-ddb5-4fa4-a97d-d965ccfc6d4b" outcome="Passed" testListId="8c84fa94-04c1-424b-9868-57a2d4851a1d" relativeResultsDirectory="0f1ceb39-3e48-4e32-8a08-e9b379b684a6" />
    <UnitTestResult executionId="caa380e1-6c63-4b3a-878e-d28a0260bb15" testId="dc7608db-b803-d9ad-2276-b67da9722d2b" testName="POS.Tests.InvoiceSyncServiceTests.Pull_remote_devices_applies_snapshot_and_persists_cursor" computerName="ASUS" duration="00:00:00.2419285" startTime="2026-05-21T12:06:39.0912187+03:00" endTime="2026-05-21T12:06:39.0912191+03:00" testType="13cdc9d9-ddb5-4fa4-a97d-d965ccfc6d4b" outcome="Passed" testListId="8c84fa94-04c1-424b-9868-57a2d4851a1d" relativeResultsDirectory="caa380e1-6c63-4b3a-878e-d28a0260bb15" />
    <UnitTestResult executionId="a582575d-16bc-479e-9657-433bae855c25" testId="340de893-fb2a-1668-befc-9e5785d88e96" testName="POS.Tests.InvoiceSyncServiceTests.Push_updated_settings_sends_snapshots_and_persists_cursor" computerName="ASUS" duration="00:00:00.3932030" startTime="2026-05-21T12:06:39.8497241+03:00" endTime="2026-05-21T12:06:39.8497243+03:00" testType="13cdc9d9-ddb5-4fa4-a97d-d965ccfc6d4b" outcome="Passed" testListId="8c84fa94-04c1-424b-9868-57a2d4851a1d" relativeResultsDirectory="a582575d-16bc-479e-9657-433bae855c25" />
    <UnitTestResult executionId="50b5d32c-f6fc-40bd-b3d2-4405b3c2660e" testId="c066c2df-147c-a15a-a61f-ea4ea453263b" testName="POS.Tests.ApiIntegrationTests.Cash_sale_flow_returns_updated_snapshots_and_receipt" computerName="ASUS" duration="00:00:00.7935273" startTime="2026-05-21T12:06:56.0099349+03:00" endTime="2026-05-21T12:06:56.0099351+03:00" testType="13cdc9d9-ddb5-4fa4-a97d-d965ccfc6d4b" outcome="Passed" testListId="8c84fa94-04c1-424b-9868-57a2d4851a1d" relativeResultsDirectory="50b5d32c-f6fc-40bd-b3d2-4405b3c2660e" />
    <UnitTestResult executionId="982f4053-3290-4d03-8143-44a8b3b468ce" testId="1c88e101-8a8e-7201-859a-b9066ef7f21c" testName="POS.Tests.InvoiceSyncServiceTests.Push_updated_devices_sends_snapshots_and_persists_cursor" computerName="ASUS" duration="00:00:00.2507990" startTime="2026-05-21T12:06:40.1007190+03:00" endTime="2026-05-21T12:06:40.1007191+03:00" testType="13cdc9d9-ddb5-4fa4-a97d-d965ccfc6d4b" outcome="Passed" testListId="8c84fa94-04c1-424b-9868-57a2d4851a1d" relativeResultsDirectory="982f4053-3290-4d03-8143-44a8b3b468ce" />
    <UnitTestResult executionId="5886b597-0479-4162-93ce-239e3633f8c7" testId="92deb2b5-8a60-64f9-32a1-d5189eb1991a" testName="POS.Tests.InvoiceSyncServiceTests.Push_unsynced_invoices_marks_local_invoice_synced_when_server_accepts" computerName="ASUS" duration="00:00:00.2272256" startTime="2026-05-21T12:06:42.6250814+03:00" endTime="2026-05-21T12:06:42.6250822+03:00" testType="13cdc9d9-ddb5-4fa4-a97d-d965ccfc6d4b" outcome="Passed" testListId="8c84fa94-04c1-424b-9868-57a2d4851a1d" relativeResultsDirectory="5886b597-0479-4162-93ce-239e3633f8c7" />
    <UnitTestResult executionId="f2a32481-6867-49cb-8ed1-5bd3f760c6f7" testId="8d315db6-2a0e-4c64-fe64-6d9dab174c37" testName="POS.Tests.LineTotalTests.Line_total_rounds_away_from_zero" computerName="ASUS" duration="00:00:00.0002019" startTime="2026-05-21T12:06:36.0229805+03:00" endTime="2026-05-21T12:06:36.0229806+03:00" testType="13cdc9d9-ddb5-4fa4-a97d-d965ccfc6d4b" outcome="Passed" testListId="8c84fa94-04c1-424b-9868-57a2d4851a1d" relativeResultsDirectory="f2a32481-6867-49cb-8ed1-5bd3f760c6f7" />
    <UnitTestResult executionId="c7632c2a-c09e-492d-b947-cb4dd75c5f47" testId="10ed7303-3338-cdca-e730-0aa588e51b2c" testName="POS.Tests.InvoiceSyncServiceTests.Pull_remote_audit_logs_applies_snapshot_and_persists_cursor" computerName="ASUS" duration="00:00:00.2047179" startTime="2026-05-21T12:06:43.3126980+03:00" endTime="2026-05-21T12:06:43.3126982+03:00" testType="13cdc9d9-ddb5-4fa4-a97d-d965ccfc6d4b" outcome="Passed" testListId="8c84fa94-04c1-424b-9868-57a2d4851a1d" relativeResultsDirectory="c7632c2a-c09e-492d-b947-cb4dd75c5f47" />
    <UnitTestResult executionId="2ceaaa21-f10d-4daa-b463-e7913319108e" testId="7644cd85-3bbc-2e2a-8057-dcc426f641a0" testName="POS.Tests.InvoiceSyncServiceTests.Pull_remote_categories_applies_snapshot_and_persists_cursor" computerName="ASUS" duration="00:00:00.2655516" startTime="2026-05-21T12:06:41.0179352+03:00" endTime="2026-05-21T12:06:41.0179355+03:00" testType="13cdc9d9-ddb5-4fa4-a97d-d965ccfc6d4b" outcome="Passed" testListId="8c84fa94-04c1-424b-9868-57a2d4851a1d" relativeResultsDirectory="2ceaaa21-f10d-4daa-b463-e7913319108e" />
    <UnitTestResult executionId="6729fd9a-2ec8-4f2d-95ad-d05f93b661c3" testId="a3ff68e3-f599-f05f-4bc8-b0a94354099f" testName="POS.Tests.CurrencyConversionTests.ToBase_same_rate_is_identity" computerName="ASUS" duration="00:00:00.0001308" startTime="2026-05-21T12:06:36.0230242+03:00" endTime="2026-05-21T12:06:36.0230242+03:00" testType="13cdc9d9-ddb5-4fa4-a97d-d965ccfc6d4b" outcome="Passed" testListId="8c84fa94-04c1-424b-9868-57a2d4851a1d" relativeResultsDirectory="6729fd9a-2ec8-4f2d-95ad-d05f93b661c3" />
    <UnitTestResult executionId="636002bd-7498-4443-a34c-27e0ecd1b4f3" testId="85b3b6ed-94d3-2ff9-a2cb-8b0e3ee6b4db" testName="POS.Tests.InvoiceSyncServiceTests.Push_updated_categories_resumes_from_persisted_numeric_sequence_cursor" computerName="ASUS" duration="00:00:00.3436367" startTime="2026-05-21T12:06:41.8848470+03:00" endTime="2026-05-21T12:06:41.8848472+03:00" testType="13cdc9d9-ddb5-4fa4-a97d-d965ccfc6d4b" outcome="Passed" testListId="8c84fa94-04c1-424b-9868-57a2d4851a1d" relativeResultsDirectory="636002bd-7498-4443-a34c-27e0ecd1b4f3" />
    <UnitTestResult executionId="054999cd-5642-4993-8f26-010a209dac5a" testId="6c59921a-70d3-7570-64ad-d2dff5146048" testName="POS.Tests.CurrencyConversionTests.ToBase_zero_base_rate_throws" computerName="ASUS" duration="00:00:00.0101326" startTime="2026-05-21T12:06:35.9079875+03:00" endTime="2026-05-21T12:06:35.9079875+03:00" testType="13cdc9d9-ddb5-4fa4-a97d-d965ccfc6d4b" outcome="Passed" testListId="8c84fa94-04c1-424b-9868-57a2d4851a1d" relativeResultsDirectory="054999cd-5642-4993-8f26-010a209dac5a" />
    <UnitTestResult executionId="06f39463-9ad6-4973-9fbb-aa21b2f69d10" testId="d2a709b9-b92d-ae03-6f86-4196e0eef0f2" testName="POS.Tests.ApiIntegrationTests.Sync_audit_logs_push_endpoint_applies_snapshot_on_server" computerName="ASUS" duration="00:00:00.9161092" startTime="2026-05-21T12:06:49.8234800+03:00" endTime="2026-05-21T12:06:49.8234806+03:00" testType="13cdc9d9-ddb5-4fa4-a97d-d965ccfc6d4b" outcome="Passed" testListId="8c84fa94-04c1-424b-9868-57a2d4851a1d" relativeResultsDirectory="06f39463-9ad6-4973-9fbb-aa21b2f69d10" />
    <UnitTestResult executionId="778374f1-2bef-4e78-b9e1-d0125e9b3102" testId="986bd36d-0e1d-f0d2-3e67-0ef978eb3cdb" testName="POS.Tests.SaleServiceSettingsTests.Negative_stock_policy_blocks_when_disabled" computerName="ASUS" duration="00:00:03.2292030" startTime="2026-05-21T12:06:39.1143760+03:00" endTime="2026-05-21T12:06:39.1143761+03:00" testType="13cdc9d9-ddb5-4fa4-a97d-d965ccfc6d4b" outcome="Passed" testListId="8c84fa94-04c1-424b-9868-57a2d4851a1d" relativeResultsDirectory="778374f1-2bef-4e78-b9e1-d0125e9b3102" />
    <UnitTestResult executionId="9f19168c-72d6-4d04-9f25-30a5819d5abd" testId="e704cf59-a5be-860b-625c-da022a9f48bb" testName="POS.Tests.InvoiceSyncServiceTests.Pull_remote_invoices_applies_snapshot_updates_inventory_and_persists_cursor" computerName="ASUS" duration="00:00:00.3294306" startTime="2026-05-21T12:06:40.4302845+03:00" endTime="2026-05-21T12:06:40.4302847+03:00" testType="13cdc9d9-ddb5-4fa4-a97d-d965ccfc6d4b" outcome="Passed" testListId="8c84fa94-04c1-424b-9868-57a2d4851a1d" relativeResultsDirectory="9f19168c-72d6-4d04-9f25-30a5819d5abd" />
    <UnitTestResult executionId="2fb30d91-58e1-4cf7-88c5-2cafc2f3c4e0" testId="cd566374-774f-a109-ee1f-71e7ac86cc59" testName="POS.Tests.SyncMetadataTests.Tracked_user_save_emits_store_scoped_sync_change_row" computerName="ASUS" duration="00:00:00.1885789" startTime="2026-05-21T12:06:39.9304650+03:00" endTime="2026-05-21T12:06:39.9304652+03:00" testType="13cdc9d9-ddb5-4fa4-a97d-d965ccfc6d4b" outcome="Passed" testListId="8c84fa94-04c1-424b-9868-57a2d4851a1d" relativeResultsDirectory="2fb30d91-58e1-4cf7-88c5-2cafc2f3c4e0" />
    <UnitTestResult executionId="0dc849f8-3a5f-4fb2-b12e-8550135cb488" testId="442c2e9e-e7c6-d499-78cc-a66e1f40e3f1" testName="POS.Tests.ApiIntegrationTests.Sync_users_pull_endpoint_returns_server_user_changes_after_cursor" computerName="ASUS" duration="00:00:00.6120695" startTime="2026-05-21T12:06:56.6224681+03:00" endTime="2026-05-21T12:06:56.6224689+03:00" testType="13cdc9d9-ddb5-4fa4-a97d-d965ccfc6d4b" outcome="Passed" testListId="8c84fa94-04c1-424b-9868-57a2d4851a1d" relativeResultsDirectory="0dc849f8-3a5f-4fb2-b12e-8550135cb488" />
    <UnitTestResult executionId="dd41e4d8-76c5-4800-a601-88076ab26cfd" testId="ed0f8c76-67bb-5864-f350-751c29b914c9" testName="POS.Tests.ApiIntegrationTests.Sync_audit_logs_pull_endpoint_returns_server_audit_changes_after_cursor" computerName="ASUS" duration="00:00:00.6589709" startTime="2026-05-21T12:06:54.5439189+03:00" endTime="2026-05-21T12:06:54.5439190+03:00" testType="13cdc9d9-ddb5-4fa4-a97d-d965ccfc6d4b" outcome="Passed" testListId="8c84fa94-04c1-424b-9868-57a2d4851a1d" relativeResultsDirectory="dd41e4d8-76c5-4800-a601-88076ab26cfd" />
    <UnitTestResult executionId="18442251-7e9b-4206-92a6-d88579d7e9d0" testId="80b0d0ec-e3c3-6fe7-6f6a-a1b59b45d544" testName="POS.Tests.SyncMetadataTests.Tracked_category_save_emits_sync_change_row" computerName="ASUS" duration="00:00:02.6860494" startTime="2026-05-21T12:06:38.5940589+03:00" endTime="2026-05-21T12:06:38.5940595+03:00" testType="13cdc9d9-ddb5-4fa4-a97d-d965ccfc6d4b" outcome="Passed" testListId="8c84fa94-04c1-424b-9868-57a2d4851a1d" relativeResultsDirectory="18442251-7e9b-4206-92a6-d88579d7e9d0" />
    <UnitTestResult executionId="6ed3cb19-864c-49c5-b2f5-4027eb54acf1" testId="7416d6d4-e56d-4258-3f01-88f6f1561081" testName="POS.Tests.ApiIntegrationTests.Sync_product_push_endpoint_applies_snapshot_on_server" computerName="ASUS" duration="00:00:00.7288973" startTime="2026-05-21T12:06:57.3515539+03:00" endTime="2026-05-21T12:06:57.3515540+03:00" testType="13cdc9d9-ddb5-4fa4-a97d-d965ccfc6d4b" outcome="Passed" testListId="8c84fa94-04c1-424b-9868-57a2d4851a1d" relativeResultsDirectory="6ed3cb19-864c-49c5-b2f5-4027eb54acf1" />
    <UnitTestResult executionId="924addc9-74e1-454f-bd37-036e3afc5dc0" testId="4ab80519-a504-dfd8-520e-6faf8362710e" testName="POS.Tests.InvoiceSyncServiceTests.Pull_remote_users_applies_snapshot_creates_role_and_persists_cursor" computerName="ASUS" duration="00:00:00.2927216" startTime="2026-05-21T12:06:43.1079290+03:00" endTime="2026-05-21T12:06:43.1079292+03:00" testType="13cdc9d9-ddb5-4fa4-a97d-d965ccfc6d4b" outcome="Passed" testListId="8c84fa94-04c1-424b-9868-57a2d4851a1d" relativeResultsDirectory="924addc9-74e1-454f-bd37-036e3afc5dc0" />
    <UnitTestResult executionId="38db6a9f-d189-435f-923a-b7cc52f5b181" testId="496f23fb-f239-d8dc-3698-518f2f5ba751" testName="POS.Tests.ApiIntegrationTests.Sync_pull_endpoint_returns_server_invoice_changes_after_cursor" computerName="ASUS" duration="00:00:00.7050849" startTime="2026-05-21T12:06:51.8486349+03:00" endTime="2026-05-21T12:06:51.8486351+03:00" testType="13cdc9d9-ddb5-4fa4-a97d-d965ccfc6d4b" outcome="Passed" testListId="8c84fa94-04c1-424b-9868-57a2d4851a1d" relativeResultsDirectory="38db6a9f-d189-435f-923a-b7cc52f5b181" />
    <UnitTestResult executionId="6657b230-a4dc-4833-aed6-b23e5d5c0569" testId="36d33af1-d87f-eccc-6359-c6311f13b9c0" testName="POS.Tests.StoreTests.Store_can_set_Name" computerName="ASUS" duration="00:00:00.0101630" startTime="2026-05-21T12:06:35.9088300+03:00" endTime="2026-05-21T12:06:35.9088304+03:00" testType="13cdc9d9-ddb5-4fa4-a97d-d965ccfc6d4b" outcome="Passed" testListId="8c84fa94-04c1-424b-9868-57a2d4851a1d" relativeResultsDirectory="6657b230-a4dc-4833-aed6-b23e5d5c0569" />
    <UnitTestResult executionId="fbad5850-6f7b-4e5d-a496-ba5faa81c988" testId="28dca536-678a-e9d0-d276-1bcabfb4e70a" testName="POS.Tests.SyncMetadataTests.Sync_cursor_setting_save_does_not_emit_sync_change_row" computerName="ASUS" duration="00:00:00.2709281" startTime="2026-05-21T12:06:39.5107109+03:00" endTime="2026-05-21T12:06:39.5107110+03:00" testType="13cdc9d9-ddb5-4fa4-a97d-d965ccfc6d4b" outcome="Passed" testListId="8c84fa94-04c1-424b-9868-57a2d4851a1d" relativeResultsDirectory="fbad5850-6f7b-4e5d-a496-ba5faa81c988" />
    <UnitTestResult executionId="b753c9e0-e310-4754-b7d5-e6d208219006" testId="a8088a4c-fb11-8488-280a-49105ec1c2fb" testName="POS.Tests.ApiIntegrationTests.Sync_category_pull_endpoint_returns_server_category_changes_after_cursor" computerName="ASUS" duration="00:00:01.1948574" startTime="2026-05-21T12:06:44.0875248+03:00" endTime="2026-05-21T12:06:44.0875254+03:00" testType="13cdc9d9-ddb5-4fa4-a97d-d965ccfc6d4b" outcome="Passed" testListId="8c84fa94-04c1-424b-9868-57a2d4851a1d" relativeResultsDirectory="b753c9e0-e310-4754-b7d5-e6d208219006" />
    <UnitTestResult executionId="4b8e2d41-69cf-4c98-8ae2-9d07d715f820" testId="4bb901e6-8f3f-4842-06d2-05b25401fef0" testName="POS.Tests.InvoiceSyncServiceTests.Pull_currency_policy_applies_snapshot_and_persists_cursors" computerName="ASUS" duration="00:00:00.3216020" startTime="2026-05-21T12:06:40.7521749+03:00" endTime="2026-05-21T12:06:40.7521751+03:00" testType="13cdc9d9-ddb5-4fa4-a97d-d965ccfc6d4b" outcome="Passed" testListId="8c84fa94-04c1-424b-9868-57a2d4851a1d" relativeResultsDirectory="4b8e2d41-69cf-4c98-8ae2-9d07d715f820" />
    <UnitTestResult executionId="690cb312-a9e1-447e-998d-c2fb55488738" testId="b821df00-112c-df99-f89b-86fee22c4368" testName="POS.Tests.SettingsServiceTests.Search_products_uses_configured_low_stock_threshold" computerName="ASUS" duration="00:00:03.1059223" startTime="2026-05-21T12:06:38.9912843+03:00" endTime="2026-05-21T12:06:38.9912851+03:00" testType="13cdc9d9-ddb5-4fa4-a97d-d965ccfc6d4b" outcome="Passed" testListId="8c84fa94-04c1-424b-9868-57a2d4851a1d" relativeResultsDirectory="690cb312-a9e1-447e-998d-c2fb55488738" />
    <UnitTestResult executionId="2f2d1309-d514-4b40-bc37-8a798e37cbad" testId="7332bb65-ad3a-168f-042e-1329d1c21107" testName="POS.Tests.InvoiceSyncServiceTests.Push_updated_categories_sends_snapshots_and_persists_cursor" computerName="ASUS" duration="00:00:00.1897090" startTime="2026-05-21T12:06:42.8149843+03:00" endTime="2026-05-21T12:06:42.8149845+03:00" testType="13cdc9d9-ddb5-4fa4-a97d-d965ccfc6d4b" outcome="Passed" testListId="8c84fa94-04c1-424b-9868-57a2d4851a1d" relativeResultsDirectory="2f2d1309-d514-4b40-bc37-8a798e37cbad" />
    <UnitTestResult executionId="924c120d-298f-4077-af70-7d49061084fd" testId="80860392-46c6-8311-6952-cb692ad00414" testName="POS.Tests.SettingsServiceTests.Settings_round_trip_persists_and_loads" computerName="ASUS" duration="00:00:00.2718270" startTime="2026-05-21T12:06:39.2632693+03:00" endTime="2026-05-21T12:06:39.2632695+03:00" testType="13cdc9d9-ddb5-4fa4-a97d-d965ccfc6d4b" outcome="Passed" testListId="8c84fa94-04c1-424b-9868-57a2d4851a1d" relativeResultsDirectory="924c120d-298f-4077-af70-7d49061084fd" />
    <UnitTestResult executionId="70bef391-eee1-49c2-a6d5-c3159f3f85c4" testId="90b500e4-4cec-b83e-782d-50b128475173" testName="POS.Tests.InvoiceSyncServiceTests.Pull_remote_products_applies_snapshot_updates_inventory_and_persists_cursor" computerName="ASUS" duration="00:00:02.9639336" startTime="2026-05-21T12:06:38.8491008+03:00" endTime="2026-05-21T12:06:38.8491011+03:00" testType="13cdc9d9-ddb5-4fa4-a97d-d965ccfc6d4b" outcome="Passed" testListId="8c84fa94-04c1-424b-9868-57a2d4851a1d" relativeResultsDirectory="70bef391-eee1-49c2-a6d5-c3159f3f85c4" />
    <UnitTestResult executionId="11b71f77-729e-43f3-9757-65993327c870" testId="6a510e97-aa63-7844-dc18-473fe572af25" testName="POS.Tests.InvoiceSyncServiceTests.Pull_remote_devices_skips_older_same_name_snapshot_without_changing_local_device_identity" computerName="ASUS" duration="00:00:00.1454363" startTime="2026-05-21T12:06:41.5409955+03:00" endTime="2026-05-21T12:06:41.5409956+03:00" testType="13cdc9d9-ddb5-4fa4-a97d-d965ccfc6d4b" outcome="Passed" testListId="8c84fa94-04c1-424b-9868-57a2d4851a1d" relativeResultsDirectory="11b71f77-729e-43f3-9757-65993327c870" />
    <UnitTestResult executionId="26bbfbbc-e086-4380-8940-9eb93c98134e" testId="60c7eb3e-afd1-29e6-3a0d-9062d3397450" testName="POS.Tests.InvoiceSyncServiceTests.Push_currency_policy_sends_snapshot_and_persists_cursor" computerName="ASUS" duration="00:00:00.1781381" startTime="2026-05-21T12:06:41.3953104+03:00" endTime="2026-05-21T12:06:41.3953108+03:00" testType="13cdc9d9-ddb5-4fa4-a97d-d965ccfc6d4b" outcome="Passed" testListId="8c84fa94-04c1-424b-9868-57a2d4851a1d" relativeResultsDirectory="26bbfbbc-e086-4380-8940-9eb93c98134e" />
    <UnitTestResult executionId="23dc6fa8-5d19-4273-81d7-0c29ed60fbab" testId="862c06d0-8947-7d42-dfe2-8aec5cbe17a7" testName="POS.Tests.InvoiceSyncServiceTests.Push_updated_audit_logs_sends_snapshots_and_persists_cursor" computerName="ASUS" duration="00:00:00.2585167" startTime="2026-05-21T12:06:42.1436731+03:00" endTime="2026-05-21T12:06:42.1436733+03:00" testType="13cdc9d9-ddb5-4fa4-a97d-d965ccfc6d4b" outcome="Passed" testListId="8c84fa94-04c1-424b-9868-57a2d4851a1d" relativeResultsDirectory="23dc6fa8-5d19-4273-81d7-0c29ed60fbab" />
    <UnitTestResult executionId="ca69167b-70d9-47c1-936a-b0e04abaf0ad" testId="1f34e7a7-5750-e733-ef19-438e12e21a26" testName="POS.Tests.LineTotalTests.Line_total_handles_midpoint_decimal" computerName="ASUS" duration="00:00:00.0115201" startTime="2026-05-21T12:06:35.9004264+03:00" endTime="2026-05-21T12:06:35.9004736+03:00" testType="13cdc9d9-ddb5-4fa4-a97d-d965ccfc6d4b" outcome="Passed" testListId="8c84fa94-04c1-424b-9868-57a2d4851a1d" relativeResultsDirectory="ca69167b-70d9-47c1-936a-b0e04abaf0ad" />
    <UnitTestResult executionId="f5d7d01a-39a2-4116-a866-b293da2f40b5" testId="0050df26-b947-58b4-c4b4-6f2f659a251a" testName="POS.Tests.ApiIntegrationTests.Sync_devices_push_endpoint_applies_snapshot_on_server" computerName="ASUS" duration="00:00:01.3112381" startTime="2026-05-21T12:06:41.5176946+03:00" endTime="2026-05-21T12:06:41.5176953+03:00" testType="13cdc9d9-ddb5-4fa4-a97d-d965ccfc6d4b" outcome="Passed" testListId="8c84fa94-04c1-424b-9868-57a2d4851a1d" relativeResultsDirectory="f5d7d01a-39a2-4116-a866-b293da2f40b5" />
    <UnitTestResult executionId="d4259ea4-d3b0-482b-bfe0-e8a8d9a5f115" testId="3bab6a12-176a-4b40-df1c-1344d20e4493" testName="POS.Tests.ApiIntegrationTests.Sync_endpoint_applies_invoice_snapshot_and_reports_conflict_for_stale_version" computerName="ASUS" duration="00:00:00.7160988" startTime="2026-05-21T12:06:53.8848667+03:00" endTime="2026-05-21T12:06:53.8848668+03:00" testType="13cdc9d9-ddb5-4fa4-a97d-d965ccfc6d4b" outcome="Passed" testListId="8c84fa94-04c1-424b-9868-57a2d4851a1d" relativeResultsDirectory="d4259ea4-d3b0-482b-bfe0-e8a8d9a5f115" />
    <UnitTestResult executionId="6355c9f7-7316-4df2-9f2a-8acb035b6696" testId="1591ecf0-66d5-413a-ed23-c8a2ebf63ec4" testName="POS.Tests.ApiIntegrationTests.Login_and_catalog_endpoints_return_seeded_data" computerName="ASUS" duration="00:00:00.6004466" startTime="2026-05-21T12:06:57.9524066+03:00" endTime="2026-05-21T12:06:57.9524071+03:00" testType="13cdc9d9-ddb5-4fa4-a97d-d965ccfc6d4b" outcome="Passed" testListId="8c84fa94-04c1-424b-9868-57a2d4851a1d" relativeResultsDirectory="6355c9f7-7316-4df2-9f2a-8acb035b6696" />
    <UnitTestResult executionId="e815f7b1-7cd8-407e-aa2a-95b3999dc74c" testId="7542509e-5afb-609e-e0ed-c9580a7d671b" testName="POS.Tests.SyncMetadataTests.Invoice_mutations_increment_sync_version" computerName="ASUS" duration="00:00:00.6453879" startTime="2026-05-21T12:06:39.2411585+03:00" endTime="2026-05-21T12:06:39.2411590+03:00" testType="13cdc9d9-ddb5-4fa4-a97d-d965ccfc6d4b" outcome="Passed" testListId="8c84fa94-04c1-424b-9868-57a2d4851a1d" relativeResultsDirectory="e815f7b1-7cd8-407e-aa2a-95b3999dc74c" />
  </Results>
  <TestDefinitions>
    <UnitTest name="POS.Tests.InvoiceSyncServiceTests.Pull_remote_audit_logs_applies_snapshot_and_persists_cursor" storage="c:\projects\pos\tests\pos.tests\bin\debug\net8.0\pos.tests.dll" id="10ed7303-3338-cdca-e730-0aa588e51b2c">
      <Execution id="c7632c2a-c09e-492d-b947-cb4dd75c5f47" />
      <TestMethod codeBase="C:\projects\POS\tests\POS.Tests\bin\Debug\net8.0\POS.Tests.dll" adapterTypeName="executor://xunit/VsTestRunner2/netcoreapp" className="POS.Tests.InvoiceSyncServiceTests" name="Pull_remote_audit_logs_applies_snapshot_and_persists_cursor" />
    </UnitTest>
    <UnitTest name="POS.Tests.InvoiceSyncServiceTests.Pull_remote_products_applies_snapshot_updates_inventory_and_persists_cursor" storage="c:\projects\pos\tests\pos.tests\bin\debug\net8.0\pos.tests.dll" id="90b500e4-4cec-b83e-782d-50b128475173">
      <Execution id="70bef391-eee1-49c2-a6d5-c3159f3f85c4" />
      <TestMethod codeBase="C:\projects\POS\tests\POS.Tests\bin\Debug\net8.0\POS.Tests.dll" adapterTypeName="executor://xunit/VsTestRunner2/netcoreapp" className="POS.Tests.InvoiceSyncServiceTests" name="Pull_remote_products_applies_snapshot_updates_inventory_and_persists_cursor" />
    </UnitTest>
    <UnitTest name="POS.Tests.ApiIntegrationTests.Sync_devices_push_endpoint_skips_older_same_name_snapshot_without_changing_server_device_identity" storage="c:\projects\pos\tests\pos.tests\bin\debug\net8.0\pos.tests.dll" id="7bf4d9e4-505b-c4e2-ab4a-19827318a1d0">
      <Execution id="6b4e0410-56ca-4ba7-a0e5-9a71caeb9626" />
      <TestMethod codeBase="C:\projects\POS\tests\POS.Tests\bin\Debug\net8.0\POS.Tests.dll" adapterTypeName="executor://xunit/VsTestRunner2/netcoreapp" className="POS.Tests.ApiIntegrationTests" name="Sync_devices_push_endpoint_skips_older_same_name_snapshot_without_changing_server_device_identity" />
    </UnitTest>
    <UnitTest name="POS.Tests.ApiIntegrationTests.Sync_settings_push_endpoint_applies_snapshot_on_server" storage="c:\projects\pos\tests\pos.tests\bin\debug\net8.0\pos.tests.dll" id="30b5d756-adfc-f568-265b-5e3e4ff673c3">
      <Execution id="0f1ceb39-3e48-4e32-8a08-e9b379b684a6" />
      <TestMethod codeBase="C:\projects\POS\tests\POS.Tests\bin\Debug\net8.0\POS.Tests.dll" adapterTypeName="executor://xunit/VsTestRunner2/netcoreapp" className="POS.Tests.ApiIntegrationTests" name="Sync_settings_push_endpoint_applies_snapshot_on_server" />
    </UnitTest>
    <UnitTest name="POS.Tests.ApiIntegrationTests.Sync_product_pull_endpoint_returns_server_product_changes_after_cursor" storage="c:\projects\pos\tests\pos.tests\bin\debug\net8.0\pos.tests.dll" id="e4221f37-9e5f-6627-e042-951eeaffa750">
      <Execution id="80fbd4b7-ffb2-4eec-94a3-8ec9de6a2264" />
      <TestMethod codeBase="C:\projects\POS\tests\POS.Tests\bin\Debug\net8.0\POS.Tests.dll" adapterTypeName="executor://xunit/VsTestRunner2/netcoreapp" className="POS.Tests.ApiIntegrationTests" name="Sync_product_pull_endpoint_returns_server_product_changes_after_cursor" />
    </UnitTest>
    <UnitTest name="POS.Tests.SyncMetadataTests.Invoice_mutations_increment_sync_version" storage="c:\projects\pos\tests\pos.tests\bin\debug\net8.0\pos.tests.dll" id="7542509e-5afb-609e-e0ed-c9580a7d671b">
      <Execution id="e815f7b1-7cd8-407e-aa2a-95b3999dc74c" />
      <TestMethod codeBase="C:\projects\POS\tests\POS.Tests\bin\Debug\net8.0\POS.Tests.dll" adapterTypeName="executor://xunit/VsTestRunner2/netcoreapp" className="POS.Tests.SyncMetadataTests" name="Invoice_mutations_increment_sync_version" />
    </UnitTest>
    <UnitTest name="POS.Tests.InvoiceSyncServiceTests.Push_updated_products_sends_snapshots_and_persists_cursor" storage="c:\projects\pos\tests\pos.tests\bin\debug\net8.0\pos.tests.dll" id="21c9afa1-2904-5ab8-67d6-440b77a50fd5">
      <Execution id="04d1d738-4fee-4ce9-8b49-d9e804951397" />
      <TestMethod codeBase="C:\projects\POS\tests\POS.Tests\bin\Debug\net8.0\POS.Tests.dll" adapterTypeName="executor://xunit/VsTestRunner2/netcoreapp" className="POS.Tests.InvoiceSyncServiceTests" name="Push_updated_products_sends_snapshots_and_persists_cursor" />
    </UnitTest>
    <UnitTest name="POS.Tests.SaleServiceSettingsTests.Negative_stock_policy_blocks_when_disabled" storage="c:\projects\pos\tests\pos.tests\bin\debug\net8.0\pos.tests.dll" id="986bd36d-0e1d-f0d2-3e67-0ef978eb3cdb">
      <Execution id="778374f1-2bef-4e78-b9e1-d0125e9b3102" />
      <TestMethod codeBase="C:\projects\POS\tests\POS.Tests\bin\Debug\net8.0\POS.Tests.dll" adapterTypeName="executor://xunit/VsTestRunner2/netcoreapp" className="POS.Tests.SaleServiceSettingsTests" name="Negative_stock_policy_blocks_when_disabled" />
    </UnitTest>
    <UnitTest name="POS.Tests.ApiIntegrationTests.Lifecycle_endpoints_transition_invoice_status_and_allow_refund_after_payment" storage="c:\projects\pos\tests\pos.tests\bin\debug\net8.0\pos.tests.dll" id="daadd110-ba0d-c21e-bd3c-a936ce19c5d5">
      <Execution id="f8f6b0e7-b1af-4e63-b8fa-3cef850fb9f7" />
      <TestMethod codeBase="C:\projects\POS\tests\POS.Tests\bin\Debug\net8.0\POS.Tests.dll" adapterTypeName="executor://xunit/VsTestRunner2/netcoreapp" className="POS.Tests.ApiIntegrationTests" name="Lifecycle_endpoints_transition_invoice_status_and_allow_refund_after_payment" />
    </UnitTest>
    <UnitTest name="POS.Tests.InvoiceSyncServiceTests.Push_updated_devices_sends_snapshots_and_persists_cursor" storage="c:\projects\pos\tests\pos.tests\bin\debug\net8.0\pos.tests.dll" id="1c88e101-8a8e-7201-859a-b9066ef7f21c">
      <Execution id="982f4053-3290-4d03-8143-44a8b3b468ce" />
      <TestMethod codeBase="C:\projects\POS\tests\POS.Tests\bin\Debug\net8.0\POS.Tests.dll" adapterTypeName="executor://xunit/VsTestRunner2/netcoreapp" className="POS.Tests.InvoiceSyncServiceTests" name="Push_updated_devices_sends_snapshots_and_persists_cursor" />
    </UnitTest>
    <UnitTest name="POS.Tests.CurrencyConversionTests.ToBase_converts_using_rate_ratio" storage="c:\projects\pos\tests\pos.tests\bin\debug\net8.0\pos.tests.dll" id="e7cd6e02-6031-1f3f-466f-32a7997cdadc">
      <Execution id="95e5454a-9e45-433e-b2e6-d9ad1a3ba34f" />
      <TestMethod codeBase="C:\projects\POS\tests\POS.Tests\bin\Debug\net8.0\POS.Tests.dll" adapterTypeName="executor://xunit/VsTestRunner2/netcoreapp" className="POS.Tests.CurrencyConversionTests" name="ToBase_converts_using_rate_ratio" />
    </UnitTest>
    <UnitTest name="POS.Tests.InvoiceSyncServiceTests.Push_currency_policy_sends_snapshot_and_persists_cursor" storage="c:\projects\pos\tests\pos.tests\bin\debug\net8.0\pos.tests.dll" id="60c7eb3e-afd1-29e6-3a0d-9062d3397450">
      <Execution id="26bbfbbc-e086-4380-8940-9eb93c98134e" />
      <TestMethod codeBase="C:\projects\POS\tests\POS.Tests\bin\Debug\net8.0\POS.Tests.dll" adapterTypeName="executor://xunit/VsTestRunner2/netcoreapp" className="POS.Tests.InvoiceSyncServiceTests" name="Push_currency_policy_sends_snapshot_and_persists_cursor" />
    </UnitTest>
    <UnitTest name="POS.Tests.LineTotalTests.Line_total_handles_midpoint_decimal" storage="c:\projects\pos\tests\pos.tests\bin\debug\net8.0\pos.tests.dll" id="1f34e7a7-5750-e733-ef19-438e12e21a26">
      <Execution id="ca69167b-70d9-47c1-936a-b0e04abaf0ad" />
      <TestMethod codeBase="C:\projects\POS\tests\POS.Tests\bin\Debug\net8.0\POS.Tests.dll" adapterTypeName="executor://xunit/VsTestRunner2/netcoreapp" className="POS.Tests.LineTotalTests" name="Line_total_handles_midpoint_decimal" />
    </UnitTest>
    <UnitTest name="POS.Tests.SyncMetadataTests.New_sale_assigns_device_and_initial_sync_metadata" storage="c:\projects\pos\tests\pos.tests\bin\debug\net8.0\pos.tests.dll" id="ae94d76e-57d7-9ebf-e9f3-15d5b87775f5">
      <Execution id="1f5a74e1-822e-481b-b939-b26863efd28a" />
      <TestMethod codeBase="C:\projects\POS\tests\POS.Tests\bin\Debug\net8.0\POS.Tests.dll" adapterTypeName="executor://xunit/VsTestRunner2/netcoreapp" className="POS.Tests.SyncMetadataTests" name="New_sale_assigns_device_and_initial_sync_metadata" />
    </UnitTest>
    <UnitTest name="POS.Tests.LineTotalTests.Line_total_rounds_away_from_zero" storage="c:\projects\pos\tests\pos.tests\bin\debug\net8.0\pos.tests.dll" id="8d315db6-2a0e-4c64-fe64-6d9dab174c37">
      <Execution id="f2a32481-6867-49cb-8ed1-5bd3f760c6f7" />
      <TestMethod codeBase="C:\projects\POS\tests\POS.Tests\bin\Debug\net8.0\POS.Tests.dll" adapterTypeName="executor://xunit/VsTestRunner2/netcoreapp" className="POS.Tests.LineTotalTests" name="Line_total_rounds_away_from_zero" />
    </UnitTest>
    <UnitTest name="POS.Tests.ApiIntegrationTests.Sync_currency_policy_push_endpoint_applies_newer_policy_on_server" storage="c:\projects\pos\tests\pos.tests\bin\debug\net8.0\pos.tests.dll" id="7c648003-73c0-0119-a724-1a61f1ad9e1e">
      <Execution id="a8bdc8b5-55ab-4604-b4f4-f3398ae44f9d" />
      <TestMethod codeBase="C:\projects\POS\tests\POS.Tests\bin\Debug\net8.0\POS.Tests.dll" adapterTypeName="executor://xunit/VsTestRunner2/netcoreapp" className="POS.Tests.ApiIntegrationTests" name="Sync_currency_policy_push_endpoint_applies_newer_policy_on_server" />
    </UnitTest>
    <UnitTest name="POS.Tests.InvoiceSyncServiceTests.Pull_currency_policy_applies_snapshot_and_persists_cursors" storage="c:\projects\pos\tests\pos.tests\bin\debug\net8.0\pos.tests.dll" id="4bb901e6-8f3f-4842-06d2-05b25401fef0">
      <Execution id="4b8e2d41-69cf-4c98-8ae2-9d07d715f820" />
      <TestMethod codeBase="C:\projects\POS\tests\POS.Tests\bin\Debug\net8.0\POS.Tests.dll" adapterTypeName="executor://xunit/VsTestRunner2/netcoreapp" className="POS.Tests.InvoiceSyncServiceTests" name="Pull_currency_policy_applies_snapshot_and_persists_cursors" />
    </UnitTest>
    <UnitTest name="POS.Tests.SyncMetadataTests.Tracked_user_save_emits_store_scoped_sync_change_row" storage="c:\projects\pos\tests\pos.tests\bin\debug\net8.0\pos.tests.dll" id="cd566374-774f-a109-ee1f-71e7ac86cc59">
      <Execution id="2fb30d91-58e1-4cf7-88c5-2cafc2f3c4e0" />
      <TestMethod codeBase="C:\projects\POS\tests\POS.Tests\bin\Debug\net8.0\POS.Tests.dll" adapterTypeName="executor://xunit/VsTestRunner2/netcoreapp" className="POS.Tests.SyncMetadataTests" name="Tracked_user_save_emits_store_scoped_sync_change_row" />
    </UnitTest>
    <UnitTest name="POS.Tests.ApiIntegrationTests.Sync_devices_push_endpoint_applies_snapshot_on_server" storage="c:\projects\pos\tests\pos.tests\bin\debug\net8.0\pos.tests.dll" id="0050df26-b947-58b4-c4b4-6f2f659a251a">
      <Execution id="f5d7d01a-39a2-4116-a866-b293da2f40b5" />
      <TestMethod codeBase="C:\projects\POS\tests\POS.Tests\bin\Debug\net8.0\POS.Tests.dll" adapterTypeName="executor://xunit/VsTestRunner2/netcoreapp" className="POS.Tests.ApiIntegrationTests" name="Sync_devices_push_endpoint_applies_snapshot_on_server" />
    </UnitTest>
    <UnitTest name="POS.Tests.ApiIntegrationTests.Sync_endpoint_reconciles_inventory_when_paid_invoice_is_later_refunded" storage="c:\projects\pos\tests\pos.tests\bin\debug\net8.0\pos.tests.dll" id="d8188e0c-4832-e29a-22ae-965c7b053d74">
      <Execution id="29b3a280-d705-409d-af7f-4348a24d1416" />
      <TestMethod codeBase="C:\projects\POS\tests\POS.Tests\bin\Debug\net8.0\POS.Tests.dll" adapterTypeName="executor://xunit/VsTestRunner2/netcoreapp" className="POS.Tests.ApiIntegrationTests" name="Sync_endpoint_reconciles_inventory_when_paid_invoice_is_later_refunded" />
    </UnitTest>
    <UnitTest name="POS.Tests.CurrencyConversionTests.ToBase_zero_base_rate_throws" storage="c:\projects\pos\tests\pos.tests\bin\debug\net8.0\pos.tests.dll" id="6c59921a-70d3-7570-64ad-d2dff5146048">
      <Execution id="054999cd-5642-4993-8f26-010a209dac5a" />
      <TestMethod codeBase="C:\projects\POS\tests\POS.Tests\bin\Debug\net8.0\POS.Tests.dll" adapterTypeName="executor://xunit/VsTestRunner2/netcoreapp" className="POS.Tests.CurrencyConversionTests" name="ToBase_zero_base_rate_throws" />
    </UnitTest>
    <UnitTest name="POS.Tests.InvoiceSyncServiceTests.Pull_remote_settings_applies_snapshot_and_persists_cursor" storage="c:\projects\pos\tests\pos.tests\bin\debug\net8.0\pos.tests.dll" id="2a6bea22-6cfa-b098-fbb1-89db86be6be6">
      <Execution id="04aa9e7e-d302-46ad-af31-9368e63b92d3" />
      <TestMethod codeBase="C:\projects\POS\tests\POS.Tests\bin\Debug\net8.0\POS.Tests.dll" adapterTypeName="executor://xunit/VsTestRunner2/netcoreapp" className="POS.Tests.InvoiceSyncServiceTests" name="Pull_remote_settings_applies_snapshot_and_persists_cursor" />
    </UnitTest>
    <UnitTest name="POS.Tests.InvoiceSyncServiceTests.Pull_remote_users_applies_snapshot_creates_role_and_persists_cursor" storage="c:\projects\pos\tests\pos.tests\bin\debug\net8.0\pos.tests.dll" id="4ab80519-a504-dfd8-520e-6faf8362710e">
      <Execution id="924addc9-74e1-454f-bd37-036e3afc5dc0" />
      <TestMethod codeBase="C:\projects\POS\tests\POS.Tests\bin\Debug\net8.0\POS.Tests.dll" adapterTypeName="executor://xunit/VsTestRunner2/netcoreapp" className="POS.Tests.InvoiceSyncServiceTests" name="Pull_remote_users_applies_snapshot_creates_role_and_persists_cursor" />
    </UnitTest>
    <UnitTest name="POS.Tests.InvoiceSyncServiceTests.Push_unsynced_invoices_marks_local_invoice_synced_when_server_accepts" storage="c:\projects\pos\tests\pos.tests\bin\debug\net8.0\pos.tests.dll" id="92deb2b5-8a60-64f9-32a1-d5189eb1991a">
      <Execution id="5886b597-0479-4162-93ce-239e3633f8c7" />
      <TestMethod codeBase="C:\projects\POS\tests\POS.Tests\bin\Debug\net8.0\POS.Tests.dll" adapterTypeName="executor://xunit/VsTestRunner2/netcoreapp" className="POS.Tests.InvoiceSyncServiceTests" name="Push_unsynced_invoices_marks_local_invoice_synced_when_server_accepts" />
    </UnitTest>
    <UnitTest name="POS.Tests.AuditLogTests.Product_update_writes_product_and_manual_stock_audits" storage="c:\projects\pos\tests\pos.tests\bin\debug\net8.0\pos.tests.dll" id="652c050b-d14c-c4b8-7605-fbfc86c2e75e">
      <Execution id="623a5308-aa9e-4421-912e-f4c57dd6b837" />
      <TestMethod codeBase="C:\projects\POS\tests\POS.Tests\bin\Debug\net8.0\POS.Tests.dll" adapterTypeName="executor://xunit/VsTestRunner2/netcoreapp" className="POS.Tests.AuditLogTests" name="Product_update_writes_product_and_manual_stock_audits" />
    </UnitTest>
    <UnitTest name="POS.Tests.ApiIntegrationTests.Sync_category_pull_endpoint_returns_server_category_changes_after_cursor" storage="c:\projects\pos\tests\pos.tests\bin\debug\net8.0\pos.tests.dll" id="a8088a4c-fb11-8488-280a-49105ec1c2fb">
      <Execution id="b753c9e0-e310-4754-b7d5-e6d208219006" />
      <TestMethod codeBase="C:\projects\POS\tests\POS.Tests\bin\Debug\net8.0\POS.Tests.dll" adapterTypeName="executor://xunit/VsTestRunner2/netcoreapp" className="POS.Tests.ApiIntegrationTests" name="Sync_category_pull_endpoint_returns_server_category_changes_after_cursor" />
    </UnitTest>
    <UnitTest name="POS.Tests.ApiIntegrationTests.Sync_users_push_endpoint_applies_snapshot_on_server_and_creates_missing_role" storage="c:\projects\pos\tests\pos.tests\bin\debug\net8.0\pos.tests.dll" id="406ac49f-a9db-abd8-6605-474ab1766f43">
      <Execution id="1cd38375-92ea-4a30-a78a-164a3bf64bd7" />
      <TestMethod codeBase="C:\projects\POS\tests\POS.Tests\bin\Debug\net8.0\POS.Tests.dll" adapterTypeName="executor://xunit/VsTestRunner2/netcoreapp" className="POS.Tests.ApiIntegrationTests" name="Sync_users_push_endpoint_applies_snapshot_on_server_and_creates_missing_role" />
    </UnitTest>
    <UnitTest name="POS.Tests.InvoiceSyncServiceTests.Push_updated_categories_resumes_from_persisted_numeric_sequence_cursor" storage="c:\projects\pos\tests\pos.tests\bin\debug\net8.0\pos.tests.dll" id="85b3b6ed-94d3-2ff9-a2cb-8b0e3ee6b4db">
      <Execution id="636002bd-7498-4443-a34c-27e0ecd1b4f3" />
      <TestMethod codeBase="C:\projects\POS\tests\POS.Tests\bin\Debug\net8.0\POS.Tests.dll" adapterTypeName="executor://xunit/VsTestRunner2/netcoreapp" className="POS.Tests.InvoiceSyncServiceTests" name="Push_updated_categories_resumes_from_persisted_numeric_sequence_cursor" />
    </UnitTest>
    <UnitTest name="POS.Tests.SyncMetadataTests.Sync_cursor_setting_save_does_not_emit_sync_change_row" storage="c:\projects\pos\tests\pos.tests\bin\debug\net8.0\pos.tests.dll" id="28dca536-678a-e9d0-d276-1bcabfb4e70a">
      <Execution id="fbad5850-6f7b-4e5d-a496-ba5faa81c988" />
      <TestMethod codeBase="C:\projects\POS\tests\POS.Tests\bin\Debug\net8.0\POS.Tests.dll" adapterTypeName="executor://xunit/VsTestRunner2/netcoreapp" className="POS.Tests.SyncMetadataTests" name="Sync_cursor_setting_save_does_not_emit_sync_change_row" />
    </UnitTest>
    <UnitTest name="POS.Tests.ApiIntegrationTests.Cash_sale_flow_returns_updated_snapshots_and_receipt" storage="c:\projects\pos\tests\pos.tests\bin\debug\net8.0\pos.tests.dll" id="c066c2df-147c-a15a-a61f-ea4ea453263b">
      <Execution id="50b5d32c-f6fc-40bd-b3d2-4405b3c2660e" />
      <TestMethod codeBase="C:\projects\POS\tests\POS.Tests\bin\Debug\net8.0\POS.Tests.dll" adapterTypeName="executor://xunit/VsTestRunner2/netcoreapp" className="POS.Tests.ApiIntegrationTests" name="Cash_sale_flow_returns_updated_snapshots_and_receipt" />
    </UnitTest>
    <UnitTest name="POS.Tests.InvoiceSyncServiceTests.Pull_remote_devices_applies_snapshot_and_persists_cursor" storage="c:\projects\pos\tests\pos.tests\bin\debug\net8.0\pos.tests.dll" id="dc7608db-b803-d9ad-2276-b67da9722d2b">
      <Execution id="caa380e1-6c63-4b3a-878e-d28a0260bb15" />
      <TestMethod codeBase="C:\projects\POS\tests\POS.Tests\bin\Debug\net8.0\POS.Tests.dll" adapterTypeName="executor://xunit/VsTestRunner2/netcoreapp" className="POS.Tests.InvoiceSyncServiceTests" name="Pull_remote_devices_applies_snapshot_and_persists_cursor" />
    </UnitTest>
    <UnitTest name="POS.Tests.CurrencyConversionTests.ToBase_same_rate_is_identity" storage="c:\projects\pos\tests\pos.tests\bin\debug\net8.0\pos.tests.dll" id="a3ff68e3-f599-f05f-4bc8-b0a94354099f">
      <Execution id="6729fd9a-2ec8-4f2d-95ad-d05f93b661c3" />
      <TestMethod codeBase="C:\projects\POS\tests\POS.Tests\bin\Debug\net8.0\POS.Tests.dll" adapterTypeName="executor://xunit/VsTestRunner2/netcoreapp" className="POS.Tests.CurrencyConversionTests" name="ToBase_same_rate_is_identity" />
    </UnitTest>
    <UnitTest name="POS.Tests.InvoiceSyncServiceTests.Push_updated_users_sends_snapshots_and_persists_cursor" storage="c:\projects\pos\tests\pos.tests\bin\debug\net8.0\pos.tests.dll" id="8caed3c1-0240-0112-54fb-7af6d16ea07c">
      <Execution id="8099cb9a-aef0-4c92-a33d-9c890648ed15" />
      <TestMethod codeBase="C:\projects\POS\tests\POS.Tests\bin\Debug\net8.0\POS.Tests.dll" adapterTypeName="executor://xunit/VsTestRunner2/netcoreapp" className="POS.Tests.InvoiceSyncServiceTests" name="Push_updated_users_sends_snapshots_and_persists_cursor" />
    </UnitTest>
    <UnitTest name="POS.Tests.ApiIntegrationTests.Sync_devices_pull_endpoint_returns_server_device_changes_after_cursor" storage="c:\projects\pos\tests\pos.tests\bin\debug\net8.0\pos.tests.dll" id="d4beec55-8bb4-e04e-5263-607e5d0be97e">
      <Execution id="85dfd7a3-d6a8-441e-8ac0-8c9e99e1ee0a" />
      <TestMethod codeBase="C:\projects\POS\tests\POS.Tests\bin\Debug\net8.0\POS.Tests.dll" adapterTypeName="executor://xunit/VsTestRunner2/netcoreapp" className="POS.Tests.ApiIntegrationTests" name="Sync_devices_pull_endpoint_returns_server_device_changes_after_cursor" />
    </UnitTest>
    <UnitTest name="POS.Tests.InvoiceSyncServiceTests.Push_updated_settings_sends_snapshots_and_persists_cursor" storage="c:\projects\pos\tests\pos.tests\bin\debug\net8.0\pos.tests.dll" id="340de893-fb2a-1668-befc-9e5785d88e96">
      <Execution id="a582575d-16bc-479e-9657-433bae855c25" />
      <TestMethod codeBase="C:\projects\POS\tests\POS.Tests\bin\Debug\net8.0\POS.Tests.dll" adapterTypeName="executor://xunit/VsTestRunner2/netcoreapp" className="POS.Tests.InvoiceSyncServiceTests" name="Push_updated_settings_sends_snapshots_and_persists_cursor" />
    </UnitTest>
    <UnitTest name="POS.Tests.InvoiceSyncServiceTests.Pull_remote_devices_skips_older_same_name_snapshot_without_changing_local_device_identity" storage="c:\projects\pos\tests\pos.tests\bin\debug\net8.0\pos.tests.dll" id="6a510e97-aa63-7844-dc18-473fe572af25">
      <Execution id="11b71f77-729e-43f3-9757-65993327c870" />
      <TestMethod codeBase="C:\projects\POS\tests\POS.Tests\bin\Debug\net8.0\POS.Tests.dll" adapterTypeName="executor://xunit/VsTestRunner2/netcoreapp" className="POS.Tests.InvoiceSyncServiceTests" name="Pull_remote_devices_skips_older_same_name_snapshot_without_changing_local_device_identity" />
    </UnitTest>
    <UnitTest name="POS.Tests.InvoiceSyncServiceTests.Push_updated_categories_sends_snapshots_and_persists_cursor" storage="c:\projects\pos\tests\pos.tests\bin\debug\net8.0\pos.tests.dll" id="7332bb65-ad3a-168f-042e-1329d1c21107">
      <Execution id="2f2d1309-d514-4b40-bc37-8a798e37cbad" />
      <TestMethod codeBase="C:\projects\POS\tests\POS.Tests\bin\Debug\net8.0\POS.Tests.dll" adapterTypeName="executor://xunit/VsTestRunner2/netcoreapp" className="POS.Tests.InvoiceSyncServiceTests" name="Push_updated_categories_sends_snapshots_and_persists_cursor" />
    </UnitTest>
    <UnitTest name="POS.Tests.ApiIntegrationTests.Sync_currency_policy_pull_endpoint_returns_newer_server_policy" storage="c:\projects\pos\tests\pos.tests\bin\debug\net8.0\pos.tests.dll" id="bbf1eece-04dc-2fd0-b4f6-d049225ca1d9">
      <Execution id="292b023a-4e50-4fa1-84e9-b531d3f04e39" />
      <TestMethod codeBase="C:\projects\POS\tests\POS.Tests\bin\Debug\net8.0\POS.Tests.dll" adapterTypeName="executor://xunit/VsTestRunner2/netcoreapp" className="POS.Tests.ApiIntegrationTests" name="Sync_currency_policy_pull_endpoint_returns_newer_server_policy" />
    </UnitTest>
    <UnitTest name="POS.Tests.ApiIntegrationTests.Sync_audit_logs_pull_endpoint_returns_server_audit_changes_after_cursor" storage="c:\projects\pos\tests\pos.tests\bin\debug\net8.0\pos.tests.dll" id="ed0f8c76-67bb-5864-f350-751c29b914c9">
      <Execution id="dd41e4d8-76c5-4800-a601-88076ab26cfd" />
      <TestMethod codeBase="C:\projects\POS\tests\POS.Tests\bin\Debug\net8.0\POS.Tests.dll" adapterTypeName="executor://xunit/VsTestRunner2/netcoreapp" className="POS.Tests.ApiIntegrationTests" name="Sync_audit_logs_pull_endpoint_returns_server_audit_changes_after_cursor" />
    </UnitTest>
    <UnitTest name="POS.Tests.ApiIntegrationTests.Sync_product_push_endpoint_applies_snapshot_on_server" storage="c:\projects\pos\tests\pos.tests\bin\debug\net8.0\pos.tests.dll" id="7416d6d4-e56d-4258-3f01-88f6f1561081">
      <Execution id="6ed3cb19-864c-49c5-b2f5-4027eb54acf1" />
      <TestMethod codeBase="C:\projects\POS\tests\POS.Tests\bin\Debug\net8.0\POS.Tests.dll" adapterTypeName="executor://xunit/VsTestRunner2/netcoreapp" className="POS.Tests.ApiIntegrationTests" name="Sync_product_push_endpoint_applies_snapshot_on_server" />
    </UnitTest>
    <UnitTest name="POS.Tests.ApiIntegrationTests.Login_and_catalog_endpoints_return_seeded_data" storage="c:\projects\pos\tests\pos.tests\bin\debug\net8.0\pos.tests.dll" id="1591ecf0-66d5-413a-ed23-c8a2ebf63ec4">
      <Execution id="6355c9f7-7316-4df2-9f2a-8acb035b6696" />
      <TestMethod codeBase="C:\projects\POS\tests\POS.Tests\bin\Debug\net8.0\POS.Tests.dll" adapterTypeName="executor://xunit/VsTestRunner2/netcoreapp" className="POS.Tests.ApiIntegrationTests" name="Login_and_catalog_endpoints_return_seeded_data" />
    </UnitTest>
    <UnitTest name="POS.Tests.InvoiceSyncServiceTests.Pull_remote_categories_applies_snapshot_and_persists_cursor" storage="c:\projects\pos\tests\pos.tests\bin\debug\net8.0\pos.tests.dll" id="7644cd85-3bbc-2e2a-8057-dcc426f641a0">
      <Execution id="2ceaaa21-f10d-4daa-b463-e7913319108e" />
      <TestMethod codeBase="C:\projects\POS\tests\POS.Tests\bin\Debug\net8.0\POS.Tests.dll" adapterTypeName="executor://xunit/VsTestRunner2/netcoreapp" className="POS.Tests.InvoiceSyncServiceTests" name="Pull_remote_categories_applies_snapshot_and_persists_cursor" />
    </UnitTest>
    <UnitTest name="POS.Tests.ApiIntegrationTests.Sync_audit_logs_push_endpoint_applies_snapshot_on_server" storage="c:\projects\pos\tests\pos.tests\bin\debug\net8.0\pos.tests.dll" id="d2a709b9-b92d-ae03-6f86-4196e0eef0f2">
      <Execution id="06f39463-9ad6-4973-9fbb-aa21b2f69d10" />
      <TestMethod codeBase="C:\projects\POS\tests\POS.Tests\bin\Debug\net8.0\POS.Tests.dll" adapterTypeName="executor://xunit/VsTestRunner2/netcoreapp" className="POS.Tests.ApiIntegrationTests" name="Sync_audit_logs_push_endpoint_applies_snapshot_on_server" />
    </UnitTest>
    <UnitTest name="POS.Tests.SettingsServiceTests.Search_products_uses_configured_low_stock_threshold" storage="c:\projects\pos\tests\pos.tests\bin\debug\net8.0\pos.tests.dll" id="b821df00-112c-df99-f89b-86fee22c4368">
      <Execution id="690cb312-a9e1-447e-998d-c2fb55488738" />
      <TestMethod codeBase="C:\projects\POS\tests\POS.Tests\bin\Debug\net8.0\POS.Tests.dll" adapterTypeName="executor://xunit/VsTestRunner2/netcoreapp" className="POS.Tests.SettingsServiceTests" name="Search_products_uses_configured_low_stock_threshold" />
    </UnitTest>
    <UnitTest name="POS.Tests.AuditLogTests.Currency_policy_update_writes_audit_row" storage="c:\projects\pos\tests\pos.tests\bin\debug\net8.0\pos.tests.dll" id="a0e26765-302c-ee09-992f-a7ef7407a4f8">
      <Execution id="001d2987-831a-4467-b8af-bd53e58c8396" />
      <TestMethod codeBase="C:\projects\POS\tests\POS.Tests\bin\Debug\net8.0\POS.Tests.dll" adapterTypeName="executor://xunit/VsTestRunner2/netcoreapp" className="POS.Tests.AuditLogTests" name="Currency_policy_update_writes_audit_row" />
    </UnitTest>
    <UnitTest name="POS.Tests.StoreTests.Store_can_set_Name" storage="c:\projects\pos\tests\pos.tests\bin\debug\net8.0\pos.tests.dll" id="36d33af1-d87f-eccc-6359-c6311f13b9c0">
      <Execution id="6657b230-a4dc-4833-aed6-b23e5d5c0569" />
      <TestMethod codeBase="C:\projects\POS\tests\POS.Tests\bin\Debug\net8.0\POS.Tests.dll" adapterTypeName="executor://xunit/VsTestRunner2/netcoreapp" className="POS.Tests.StoreTests" name="Store_can_set_Name" />
    </UnitTest>
    <UnitTest name="POS.Tests.ApiIntegrationTests.Sync_users_pull_endpoint_returns_server_user_changes_after_cursor" storage="c:\projects\pos\tests\pos.tests\bin\debug\net8.0\pos.tests.dll" id="442c2e9e-e7c6-d499-78cc-a66e1f40e3f1">
      <Execution id="0dc849f8-3a5f-4fb2-b12e-8550135cb488" />
      <TestMethod codeBase="C:\projects\POS\tests\POS.Tests\bin\Debug\net8.0\POS.Tests.dll" adapterTypeName="executor://xunit/VsTestRunner2/netcoreapp" className="POS.Tests.ApiIntegrationTests" name="Sync_users_pull_endpoint_returns_server_user_changes_after_cursor" />
    </UnitTest>
    <UnitTest name="POS.Tests.ApiIntegrationTests.Sync_category_push_endpoint_applies_snapshot_on_server" storage="c:\projects\pos\tests\pos.tests\bin\debug\net8.0\pos.tests.dll" id="cdd07177-6813-55e3-9970-7431a43631cc">
      <Execution id="f44357c3-6300-492d-a710-0de3c3f87f1b" />
      <TestMethod codeBase="C:\projects\POS\tests\POS.Tests\bin\Debug\net8.0\POS.Tests.dll" adapterTypeName="executor://xunit/VsTestRunner2/netcoreapp" className="POS.Tests.ApiIntegrationTests" name="Sync_category_push_endpoint_applies_snapshot_on_server" />
    </UnitTest>
    <UnitTest name="POS.Tests.ApiIntegrationTests.Sync_endpoint_applies_invoice_snapshot_and_reports_conflict_for_stale_version" storage="c:\projects\pos\tests\pos.tests\bin\debug\net8.0\pos.tests.dll" id="3bab6a12-176a-4b40-df1c-1344d20e4493">
      <Execution id="d4259ea4-d3b0-482b-bfe0-e8a8d9a5f115" />
      <TestMethod codeBase="C:\projects\POS\tests\POS.Tests\bin\Debug\net8.0\POS.Tests.dll" adapterTypeName="executor://xunit/VsTestRunner2/netcoreapp" className="POS.Tests.ApiIntegrationTests" name="Sync_endpoint_applies_invoice_snapshot_and_reports_conflict_for_stale_version" />
    </UnitTest>
    <UnitTest name="POS.Tests.InvoiceSyncServiceTests.Pull_remote_invoices_applies_snapshot_updates_inventory_and_persists_cursor" storage="c:\projects\pos\tests\pos.tests\bin\debug\net8.0\pos.tests.dll" id="e704cf59-a5be-860b-625c-da022a9f48bb">
      <Execution id="9f19168c-72d6-4d04-9f25-30a5819d5abd" />
      <TestMethod codeBase="C:\projects\POS\tests\POS.Tests\bin\Debug\net8.0\POS.Tests.dll" adapterTypeName="executor://xunit/VsTestRunner2/netcoreapp" className="POS.Tests.InvoiceSyncServiceTests" name="Pull_remote_invoices_applies_snapshot_updates_inventory_and_persists_cursor" />
    </UnitTest>
    <UnitTest name="POS.Tests.SettingsServiceTests.Settings_round_trip_persists_and_loads" storage="c:\projects\pos\tests\pos.tests\bin\debug\net8.0\pos.tests.dll" id="80860392-46c6-8311-6952-cb692ad00414">
      <Execution id="924c120d-298f-4077-af70-7d49061084fd" />
      <TestMethod codeBase="C:\projects\POS\tests\POS.Tests\bin\Debug\net8.0\POS.Tests.dll" adapterTypeName="executor://xunit/VsTestRunner2/netcoreapp" className="POS.Tests.SettingsServiceTests" name="Settings_round_trip_persists_and_loads" />
    </UnitTest>
    <UnitTest name="POS.Tests.ApiIntegrationTests.Sync_pull_endpoint_returns_server_invoice_changes_after_cursor" storage="c:\projects\pos\tests\pos.tests\bin\debug\net8.0\pos.tests.dll" id="496f23fb-f239-d8dc-3698-518f2f5ba751">
      <Execution id="38db6a9f-d189-435f-923a-b7cc52f5b181" />
      <TestMethod codeBase="C:\projects\POS\tests\POS.Tests\bin\Debug\net8.0\POS.Tests.dll" adapterTypeName="executor://xunit/VsTestRunner2/netcoreapp" className="POS.Tests.ApiIntegrationTests" name="Sync_pull_endpoint_returns_server_invoice_changes_after_cursor" />
    </UnitTest>
    <UnitTest name="POS.Tests.AuditLogTests.Refund_writes_invoice_refunded_audit_row" storage="c:\projects\pos\tests\pos.tests\bin\debug\net8.0\pos.tests.dll" id="20263a67-98bf-c1c1-3ab6-3ec180636e5c">
      <Execution id="7c398748-ebfb-400a-b309-e101ff5f5c8c" />
      <TestMethod codeBase="C:\projects\POS\tests\POS.Tests\bin\Debug\net8.0\POS.Tests.dll" adapterTypeName="executor://xunit/VsTestRunner2/netcoreapp" className="POS.Tests.AuditLogTests" name="Refund_writes_invoice_refunded_audit_row" />
    </UnitTest>
    <UnitTest name="POS.Tests.InvoiceSyncServiceTests.Push_updated_audit_logs_sends_snapshots_and_persists_cursor" storage="c:\projects\pos\tests\pos.tests\bin\debug\net8.0\pos.tests.dll" id="862c06d0-8947-7d42-dfe2-8aec5cbe17a7">
      <Execution id="23dc6fa8-5d19-4273-81d7-0c29ed60fbab" />
      <TestMethod codeBase="C:\projects\POS\tests\POS.Tests\bin\Debug\net8.0\POS.Tests.dll" adapterTypeName="executor://xunit/VsTestRunner2/netcoreapp" className="POS.Tests.InvoiceSyncServiceTests" name="Push_updated_audit_logs_sends_snapshots_and_persists_cursor" />
    </UnitTest>
    <UnitTest name="POS.Tests.StoreTests.Store_defaults_Id_is_empty_guid" storage="c:\projects\pos\tests\pos.tests\bin\debug\net8.0\pos.tests.dll" id="1cc5788a-0742-e1df-8236-2dadfebbb8ba">
      <Execution id="29ba602d-0af2-4428-89d9-1647ce3166cb" />
      <TestMethod codeBase="C:\projects\POS\tests\POS.Tests\bin\Debug\net8.0\POS.Tests.dll" adapterTypeName="executor://xunit/VsTestRunner2/netcoreapp" className="POS.Tests.StoreTests" name="Store_defaults_Id_is_empty_guid" />
    </UnitTest>
    <UnitTest name="POS.Tests.ApiIntegrationTests.Sync_settings_pull_endpoint_returns_server_setting_changes_after_cursor" storage="c:\projects\pos\tests\pos.tests\bin\debug\net8.0\pos.tests.dll" id="aa81bcc1-5dd5-1acf-433e-f733cd728233">
      <Execution id="14951d4e-68be-4d7a-afac-4f8ccd367f77" />
      <TestMethod codeBase="C:\projects\POS\tests\POS.Tests\bin\Debug\net8.0\POS.Tests.dll" adapterTypeName="executor://xunit/VsTestRunner2/netcoreapp" className="POS.Tests.ApiIntegrationTests" name="Sync_settings_pull_endpoint_returns_server_setting_changes_after_cursor" />
    </UnitTest>
    <UnitTest name="POS.Tests.SaleServiceSettingsTests.Negative_stock_policy_allows_oversell_and_uses_default_tax" storage="c:\projects\pos\tests\pos.tests\bin\debug\net8.0\pos.tests.dll" id="89177fa3-a6d3-201f-8bdc-49d838b6d227">
      <Execution id="7450c44f-032a-4bdc-b12d-bb34e49c2f9c" />
      <TestMethod codeBase="C:\projects\POS\tests\POS.Tests\bin\Debug\net8.0\POS.Tests.dll" adapterTypeName="executor://xunit/VsTestRunner2/netcoreapp" className="POS.Tests.SaleServiceSettingsTests" name="Negative_stock_policy_allows_oversell_and_uses_default_tax" />
    </UnitTest>
    <UnitTest name="POS.Tests.SyncMetadataTests.Tracked_category_save_emits_sync_change_row" storage="c:\projects\pos\tests\pos.tests\bin\debug\net8.0\pos.tests.dll" id="80b0d0ec-e3c3-6fe7-6f6a-a1b59b45d544">
      <Execution id="18442251-7e9b-4206-92a6-d88579d7e9d0" />
      <TestMethod codeBase="C:\projects\POS\tests\POS.Tests\bin\Debug\net8.0\POS.Tests.dll" adapterTypeName="executor://xunit/VsTestRunner2/netcoreapp" className="POS.Tests.SyncMetadataTests" name="Tracked_category_save_emits_sync_change_row" />
    </UnitTest>
  </TestDefinitions>
  <TestEntries>
    <TestEntry testId="1cc5788a-0742-e1df-8236-2dadfebbb8ba" executionId="29ba602d-0af2-4428-89d9-1647ce3166cb" testListId="8c84fa94-04c1-424b-9868-57a2d4851a1d" />
    <TestEntry testId="aa81bcc1-5dd5-1acf-433e-f733cd728233" executionId="14951d4e-68be-4d7a-afac-4f8ccd367f77" testListId="8c84fa94-04c1-424b-9868-57a2d4851a1d" />
    <TestEntry testId="bbf1eece-04dc-2fd0-b4f6-d049225ca1d9" executionId="292b023a-4e50-4fa1-84e9-b531d3f04e39" testListId="8c84fa94-04c1-424b-9868-57a2d4851a1d" />
    <TestEntry testId="daadd110-ba0d-c21e-bd3c-a936ce19c5d5" executionId="f8f6b0e7-b1af-4e63-b8fa-3cef850fb9f7" testListId="8c84fa94-04c1-424b-9868-57a2d4851a1d" />
    <TestEntry testId="89177fa3-a6d3-201f-8bdc-49d838b6d227" executionId="7450c44f-032a-4bdc-b12d-bb34e49c2f9c" testListId="8c84fa94-04c1-424b-9868-57a2d4851a1d" />
    <TestEntry testId="20263a67-98bf-c1c1-3ab6-3ec180636e5c" executionId="7c398748-ebfb-400a-b309-e101ff5f5c8c" testListId="8c84fa94-04c1-424b-9868-57a2d4851a1d" />
    <TestEntry testId="e4221f37-9e5f-6627-e042-951eeaffa750" executionId="80fbd4b7-ffb2-4eec-94a3-8ec9de6a2264" testListId="8c84fa94-04c1-424b-9868-57a2d4851a1d" />
    <TestEntry testId="406ac49f-a9db-abd8-6605-474ab1766f43" executionId="1cd38375-92ea-4a30-a78a-164a3bf64bd7" testListId="8c84fa94-04c1-424b-9868-57a2d4851a1d" />
    <TestEntry testId="7c648003-73c0-0119-a724-1a61f1ad9e1e" executionId="a8bdc8b5-55ab-4604-b4f4-f3398ae44f9d" testListId="8c84fa94-04c1-424b-9868-57a2d4851a1d" />
    <TestEntry testId="652c050b-d14c-c4b8-7605-fbfc86c2e75e" executionId="623a5308-aa9e-4421-912e-f4c57dd6b837" testListId="8c84fa94-04c1-424b-9868-57a2d4851a1d" />
    <TestEntry testId="d4beec55-8bb4-e04e-5263-607e5d0be97e" executionId="85dfd7a3-d6a8-441e-8ac0-8c9e99e1ee0a" testListId="8c84fa94-04c1-424b-9868-57a2d4851a1d" />
    <TestEntry testId="8caed3c1-0240-0112-54fb-7af6d16ea07c" executionId="8099cb9a-aef0-4c92-a33d-9c890648ed15" testListId="8c84fa94-04c1-424b-9868-57a2d4851a1d" />
    <TestEntry testId="e7cd6e02-6031-1f3f-466f-32a7997cdadc" executionId="95e5454a-9e45-433e-b2e6-d9ad1a3ba34f" testListId="8c84fa94-04c1-424b-9868-57a2d4851a1d" />
    <TestEntry testId="2a6bea22-6cfa-b098-fbb1-89db86be6be6" executionId="04aa9e7e-d302-46ad-af31-9368e63b92d3" testListId="8c84fa94-04c1-424b-9868-57a2d4851a1d" />
    <TestEntry testId="cdd07177-6813-55e3-9970-7431a43631cc" executionId="f44357c3-6300-492d-a710-0de3c3f87f1b" testListId="8c84fa94-04c1-424b-9868-57a2d4851a1d" />
    <TestEntry testId="ae94d76e-57d7-9ebf-e9f3-15d5b87775f5" executionId="1f5a74e1-822e-481b-b939-b26863efd28a" testListId="8c84fa94-04c1-424b-9868-57a2d4851a1d" />
    <TestEntry testId="21c9afa1-2904-5ab8-67d6-440b77a50fd5" executionId="04d1d738-4fee-4ce9-8b49-d9e804951397" testListId="8c84fa94-04c1-424b-9868-57a2d4851a1d" />
    <TestEntry testId="7bf4d9e4-505b-c4e2-ab4a-19827318a1d0" executionId="6b4e0410-56ca-4ba7-a0e5-9a71caeb9626" testListId="8c84fa94-04c1-424b-9868-57a2d4851a1d" />
    <TestEntry testId="a0e26765-302c-ee09-992f-a7ef7407a4f8" executionId="001d2987-831a-4467-b8af-bd53e58c8396" testListId="8c84fa94-04c1-424b-9868-57a2d4851a1d" />
    <TestEntry testId="d8188e0c-4832-e29a-22ae-965c7b053d74" executionId="29b3a280-d705-409d-af7f-4348a24d1416" testListId="8c84fa94-04c1-424b-9868-57a2d4851a1d" />
    <TestEntry testId="30b5d756-adfc-f568-265b-5e3e4ff673c3" executionId="0f1ceb39-3e48-4e32-8a08-e9b379b684a6" testListId="8c84fa94-04c1-424b-9868-57a2d4851a1d" />
    <TestEntry testId="dc7608db-b803-d9ad-2276-b67da9722d2b" executionId="caa380e1-6c63-4b3a-878e-d28a0260bb15" testListId="8c84fa94-04c1-424b-9868-57a2d4851a1d" />
    <TestEntry testId="340de893-fb2a-1668-befc-9e5785d88e96" executionId="a582575d-16bc-479e-9657-433bae855c25" testListId="8c84fa94-04c1-424b-9868-57a2d4851a1d" />
    <TestEntry testId="c066c2df-147c-a15a-a61f-ea4ea453263b" executionId="50b5d32c-f6fc-40bd-b3d2-4405b3c2660e" testListId="8c84fa94-04c1-424b-9868-57a2d4851a1d" />
    <TestEntry testId="1c88e101-8a8e-7201-859a-b9066ef7f21c" executionId="982f4053-3290-4d03-8143-44a8b3b468ce" testListId="8c84fa94-04c1-424b-9868-57a2d4851a1d" />
    <TestEntry testId="92deb2b5-8a60-64f9-32a1-d5189eb1991a" executionId="5886b597-0479-4162-93ce-239e3633f8c7" testListId="8c84fa94-04c1-424b-9868-57a2d4851a1d" />
    <TestEntry testId="8d315db6-2a0e-4c64-fe64-6d9dab174c37" executionId="f2a32481-6867-49cb-8ed1-5bd3f760c6f7" testListId="8c84fa94-04c1-424b-9868-57a2d4851a1d" />
    <TestEntry testId="10ed7303-3338-cdca-e730-0aa588e51b2c" executionId="c7632c2a-c09e-492d-b947-cb4dd75c5f47" testListId="8c84fa94-04c1-424b-9868-57a2d4851a1d" />
    <TestEntry testId="7644cd85-3bbc-2e2a-8057-dcc426f641a0" executionId="2ceaaa21-f10d-4daa-b463-e7913319108e" testListId="8c84fa94-04c1-424b-9868-57a2d4851a1d" />
    <TestEntry testId="a3ff68e3-f599-f05f-4bc8-b0a94354099f" executionId="6729fd9a-2ec8-4f2d-95ad-d05f93b661c3" testListId="8c84fa94-04c1-424b-9868-57a2d4851a1d" />
    <TestEntry testId="85b3b6ed-94d3-2ff9-a2cb-8b0e3ee6b4db" executionId="636002bd-7498-4443-a34c-27e0ecd1b4f3" testListId="8c84fa94-04c1-424b-9868-57a2d4851a1d" />
    <TestEntry testId="6c59921a-70d3-7570-64ad-d2dff5146048" executionId="054999cd-5642-4993-8f26-010a209dac5a" testListId="8c84fa94-04c1-424b-9868-57a2d4851a1d" />
    <TestEntry testId="d2a709b9-b92d-ae03-6f86-4196e0eef0f2" executionId="06f39463-9ad6-4973-9fbb-aa21b2f69d10" testListId="8c84fa94-04c1-424b-9868-57a2d4851a1d" />
    <TestEntry testId="986bd36d-0e1d-f0d2-3e67-0ef978eb3cdb" executionId="778374f1-2bef-4e78-b9e1-d0125e9b3102" testListId="8c84fa94-04c1-424b-9868-57a2d4851a1d" />
    <TestEntry testId="e704cf59-a5be-860b-625c-da022a9f48bb" executionId="9f19168c-72d6-4d04-9f25-30a5819d5abd" testListId="8c84fa94-04c1-424b-9868-57a2d4851a1d" />
    <TestEntry testId="cd566374-774f-a109-ee1f-71e7ac86cc59" executionId="2fb30d91-58e1-4cf7-88c5-2cafc2f3c4e0" testListId="8c84fa94-04c1-424b-9868-57a2d4851a1d" />
    <TestEntry testId="442c2e9e-e7c6-d499-78cc-a66e1f40e3f1" executionId="0dc849f8-3a5f-4fb2-b12e-8550135cb488" testListId="8c84fa94-04c1-424b-9868-57a2d4851a1d" />
    <TestEntry testId="ed0f8c76-67bb-5864-f350-751c29b914c9" executionId="dd41e4d8-76c5-4800-a601-88076ab26cfd" testListId="8c84fa94-04c1-424b-9868-57a2d4851a1d" />
    <TestEntry testId="80b0d0ec-e3c3-6fe7-6f6a-a1b59b45d544" executionId="18442251-7e9b-4206-92a6-d88579d7e9d0" testListId="8c84fa94-04c1-424b-9868-57a2d4851a1d" />
    <TestEntry testId="7416d6d4-e56d-4258-3f01-88f6f1561081" executionId="6ed3cb19-864c-49c5-b2f5-4027eb54acf1" testListId="8c84fa94-04c1-424b-9868-57a2d4851a1d" />
    <TestEntry testId="4ab80519-a504-dfd8-520e-6faf8362710e" executionId="924addc9-74e1-454f-bd37-036e3afc5dc0" testListId="8c84fa94-04c1-424b-9868-57a2d4851a1d" />
    <TestEntry testId="496f23fb-f239-d8dc-3698-518f2f5ba751" executionId="38db6a9f-d189-435f-923a-b7cc52f5b181" testListId="8c84fa94-04c1-424b-9868-57a2d4851a1d" />
    <TestEntry testId="36d33af1-d87f-eccc-6359-c6311f13b9c0" executionId="6657b230-a4dc-4833-aed6-b23e5d5c0569" testListId="8c84fa94-04c1-424b-9868-57a2d4851a1d" />
    <TestEntry testId="28dca536-678a-e9d0-d276-1bcabfb4e70a" executionId="fbad5850-6f7b-4e5d-a496-ba5faa81c988" testListId="8c84fa94-04c1-424b-9868-57a2d4851a1d" />
    <TestEntry testId="a8088a4c-fb11-8488-280a-49105ec1c2fb" executionId="b753c9e0-e310-4754-b7d5-e6d208219006" testListId="8c84fa94-04c1-424b-9868-57a2d4851a1d" />
    <TestEntry testId="4bb901e6-8f3f-4842-06d2-05b25401fef0" executionId="4b8e2d41-69cf-4c98-8ae2-9d07d715f820" testListId="8c84fa94-04c1-424b-9868-57a2d4851a1d" />
    <TestEntry testId="b821df00-112c-df99-f89b-86fee22c4368" executionId="690cb312-a9e1-447e-998d-c2fb55488738" testListId="8c84fa94-04c1-424b-9868-57a2d4851a1d" />
    <TestEntry testId="7332bb65-ad3a-168f-042e-1329d1c21107" executionId="2f2d1309-d514-4b40-bc37-8a798e37cbad" testListId="8c84fa94-04c1-424b-9868-57a2d4851a1d" />
    <TestEntry testId="80860392-46c6-8311-6952-cb692ad00414" executionId="924c120d-298f-4077-af70-7d49061084fd" testListId="8c84fa94-04c1-424b-9868-57a2d4851a1d" />
    <TestEntry testId="90b500e4-4cec-b83e-782d-50b128475173" executionId="70bef391-eee1-49c2-a6d5-c3159f3f85c4" testListId="8c84fa94-04c1-424b-9868-57a2d4851a1d" />
    <TestEntry testId="6a510e97-aa63-7844-dc18-473fe572af25" executionId="11b71f77-729e-43f3-9757-65993327c870" testListId="8c84fa94-04c1-424b-9868-57a2d4851a1d" />
    <TestEntry testId="60c7eb3e-afd1-29e6-3a0d-9062d3397450" executionId="26bbfbbc-e086-4380-8940-9eb93c98134e" testListId="8c84fa94-04c1-424b-9868-57a2d4851a1d" />
    <TestEntry testId="862c06d0-8947-7d42-dfe2-8aec5cbe17a7" executionId="23dc6fa8-5d19-4273-81d7-0c29ed60fbab" testListId="8c84fa94-04c1-424b-9868-57a2d4851a1d" />
    <TestEntry testId="1f34e7a7-5750-e733-ef19-438e12e21a26" executionId="ca69167b-70d9-47c1-936a-b0e04abaf0ad" testListId="8c84fa94-04c1-424b-9868-57a2d4851a1d" />
    <TestEntry testId="0050df26-b947-58b4-c4b4-6f2f659a251a" executionId="f5d7d01a-39a2-4116-a866-b293da2f40b5" testListId="8c84fa94-04c1-424b-9868-57a2d4851a1d" />
    <TestEntry testId="3bab6a12-176a-4b40-df1c-1344d20e4493" executionId="d4259ea4-d3b0-482b-bfe0-e8a8d9a5f115" testListId="8c84fa94-04c1-424b-9868-57a2d4851a1d" />
    <TestEntry testId="1591ecf0-66d5-413a-ed23-c8a2ebf63ec4" executionId="6355c9f7-7316-4df2-9f2a-8acb035b6696" testListId="8c84fa94-04c1-424b-9868-57a2d4851a1d" />
    <TestEntry testId="7542509e-5afb-609e-e0ed-c9580a7d671b" executionId="e815f7b1-7cd8-407e-aa2a-95b3999dc74c" testListId="8c84fa94-04c1-424b-9868-57a2d4851a1d" />
  </TestEntries>
  <TestLists>
    <TestList name="Results Not in a List" id="8c84fa94-04c1-424b-9868-57a2d4851a1d" />
    <TestList name="All Loaded Results" id="19431567-8539-422a-85d7-44ee4e166bda" />
  </TestLists>
  <ResultSummary outcome="Completed">
    <Counters total="58" executed="58" passed="58" failed="0" error="0" timeout="0" aborted="0" inconclusive="0" passedButRunAborted="0" notRunnable="0" notExecuted="0" disconnected="0" warning="0" completed="0" inProgress="0" pending="0" />
    <Output>
      <StdOut>[xUnit.net 00:00:00.00] xUnit.net VSTest Adapter v2.5.3.1+6b60a9e56a (64-bit .NET 8.0.25)&#xD;
[xUnit.net 00:00:00.14]   Discovering: POS.Tests&#xD;
[xUnit.net 00:00:00.21]   Discovered:  POS.Tests&#xD;
[xUnit.net 00:00:00.21]   Starting:    POS.Tests&#xD;
warn: Microsoft.EntityFrameworkCore.Query[10103]&#xD;
      The query uses the 'First'/'FirstOrDefault' operator without 'OrderBy' and filter operators. This may lead to unpredictable results.&#xD;
warn: Microsoft.EntityFrameworkCore.Query[20504]&#xD;
      Compiling a query which loads related collections for more than one collection navigation, either via 'Include' or through projection, but no 'QuerySplittingBehavior' has been configured. By default, Entity Framework will use 'QuerySplittingBehavior.SingleQuery', which can potentially result in slow query performance. See https://go.microsoft.com/fwlink/?linkid=2134277 for more information. To identify the query that's triggering this warning call 'ConfigureWarnings(w =&gt; w.Throw(RelationalEventId.MultipleCollectionIncludeWarning))'.&#xD;
warn: Microsoft.EntityFrameworkCore.Query[20504]&#xD;
      Compiling a query which loads related collections for more than one collection navigation, either via 'Include' or through projection, but no 'QuerySplittingBehavior' has been configured. By default, Entity Framework will use 'QuerySplittingBehavior.SingleQuery', which can potentially result in slow query performance. See https://go.microsoft.com/fwlink/?linkid=2134277 for more information. To identify the query that's triggering this warning call 'ConfigureWarnings(w =&gt; w.Throw(RelationalEventId.MultipleCollectionIncludeWarning))'.&#xD;
[xUnit.net 00:00:22.37]   Finished:    POS.Tests&#xD;
</StdOut>
    </Output>
  </ResultSummary>
</TestRun>